Using pre-set license
Built from '2022.3/staging' branch; Version is '2022.3.16f1 (d2c21f0ef2f1) revision 13812255'; Using compiler version '192829333'; Build Type 'Release'
OS: 'Windows 11  (10.0.22000) 64bit Core' Language: 'no' Physical Memory: 16253 MB
BatchMode: 1, IsHumanControllingUs: 0, StartBugReporterOnCrash: 0, Is64bit: 1, IsPro: 1

COMMAND LINE ARGUMENTS:
C:\Program Files\Unity\Hub\Editor\2022.3.16f1\Editor\Unity.exe
-adb2
-batchMode
-noUpm
-name
AssetImportWorker0
-projectPath
C:/Users/marcu/Unity/omrontm14-unity-ros2-main/omrontm14-unity-ros2-main
-logFile
Logs/AssetImportWorker0.log
-srvPort
54781
Successfully changed project path to: C:/Users/marcu/Unity/omrontm14-unity-ros2-main/omrontm14-unity-ros2-main
C:/Users/marcu/Unity/omrontm14-unity-ros2-main/omrontm14-unity-ros2-main
[UnityMemory] Configuration Parameters - Can be set up in boot.config
    "memorysetup-bucket-allocator-granularity=16"
    "memorysetup-bucket-allocator-bucket-count=8"
    "memorysetup-bucket-allocator-block-size=33554432"
    "memorysetup-bucket-allocator-block-count=8"
    "memorysetup-main-allocator-block-size=16777216"
    "memorysetup-thread-allocator-block-size=16777216"
    "memorysetup-gfx-main-allocator-block-size=16777216"
    "memorysetup-gfx-thread-allocator-block-size=16777216"
    "memorysetup-cache-allocator-block-size=4194304"
    "memorysetup-typetree-allocator-block-size=2097152"
    "memorysetup-profiler-bucket-allocator-granularity=16"
    "memorysetup-profiler-bucket-allocator-bucket-count=8"
    "memorysetup-profiler-bucket-allocator-block-size=33554432"
    "memorysetup-profiler-bucket-allocator-block-count=8"
    "memorysetup-profiler-allocator-block-size=16777216"
    "memorysetup-profiler-editor-allocator-block-size=1048576"
    "memorysetup-temp-allocator-size-main=16777216"
    "memorysetup-job-temp-allocator-block-size=2097152"
    "memorysetup-job-temp-allocator-block-size-background=1048576"
    "memorysetup-job-temp-allocator-reduction-small-platforms=262144"
    "memorysetup-allocator-temp-initial-block-size-main=262144"
    "memorysetup-allocator-temp-initial-block-size-worker=262144"
    "memorysetup-temp-allocator-size-background-worker=32768"
    "memorysetup-temp-allocator-size-job-worker=262144"
    "memorysetup-temp-allocator-size-preload-manager=33554432"
    "memorysetup-temp-allocator-size-nav-mesh-worker=65536"
    "memorysetup-temp-allocator-size-audio-worker=65536"
    "memorysetup-temp-allocator-size-cloud-worker=32768"
    "memorysetup-temp-allocator-size-gi-baking-worker=262144"
    "memorysetup-temp-allocator-size-gfx=262144"
Player connection [49480] Host "[IP] 25.85.158.116 [Port] 0 [Flags] 2 [Guid] 238662594 [EditorId] 238662594 [Version] 1048832 [Id] WindowsEditor(7,LAPTOP-0IAVIB16) [Debug] 1 [PackageName] WindowsEditor [ProjectName] Editor" joined multi-casting on [225.0.0.222:54997]...

Player connection [49480] Host "[IP] 25.85.158.116 [Port] 0 [Flags] 2 [Guid] 238662594 [EditorId] 238662594 [Version] 1048832 [Id] WindowsEditor(7,LAPTOP-0IAVIB16) [Debug] 1 [PackageName] WindowsEditor [ProjectName] Editor" joined alternative multi-casting on [225.0.0.222:34997]...

[Physics::Module] Initialized MultithreadedJobDispatcher with 11 workers.
Refreshing native plugins compatible for Editor in 396.15 ms, found 5 plugins.
Preloading 0 native plugins for Editor in 0.00 ms.
Initialize engine version: 2022.3.16f1 (d2c21f0ef2f1)
[Subsystems] Discovering subsystems at path C:/Program Files/Unity/Hub/Editor/2022.3.16f1/Editor/Data/Resources/UnitySubsystems
[Subsystems] Discovering subsystems at path C:/Users/marcu/Unity/omrontm14-unity-ros2-main/omrontm14-unity-ros2-main/Assets
GfxDevice: creating device client; threaded=0; jobified=0
Direct3D:
    Version:  Direct3D 11.0 [level 11.1]
    Renderer: NVIDIA GeForce RTX 2060 (ID=0x1f15)
    Vendor:   NVIDIA
    VRAM:     5969 MB
    Driver:   31.0.15.4633
Initialize mono
Mono path[0] = 'C:/Program Files/Unity/Hub/Editor/2022.3.16f1/Editor/Data/Managed'
Mono path[1] = 'C:/Program Files/Unity/Hub/Editor/2022.3.16f1/Editor/Data/MonoBleedingEdge/lib/mono/unityjit-win32'
Mono config path = 'C:/Program Files/Unity/Hub/Editor/2022.3.16f1/Editor/Data/MonoBleedingEdge/etc'
Using monoOptions --debugger-agent=transport=dt_socket,embedding=1,server=y,suspend=n,address=127.0.0.1:56804
Begin MonoManager ReloadAssembly
Registering precompiled unity dll's ...
Register platform support module: C:/Program Files/Unity/Hub/Editor/2022.3.16f1/Editor/Data/PlaybackEngines/WindowsStandaloneSupport/UnityEditor.WindowsStandalone.Extensions.dll
Registered in 0.009926 seconds.
- Loaded All Assemblies, in  0.436 seconds
Native extension for WindowsStandalone target not found
Mono: successfully reloaded assembly
- Finished resetting the current domain, in  0.358 seconds
Domain Reload Profiling: 792ms
	BeginReloadAssembly (142ms)
		ExecutionOrderSort (0ms)
		DisableScriptedObjects (0ms)
		BackupInstance (0ms)
		ReleaseScriptingObjects (0ms)
		CreateAndSetChildDomain (1ms)
	RebuildCommonClasses (50ms)
	RebuildNativeTypeToScriptingClass (14ms)
	initialDomainReloadingComplete (77ms)
	LoadAllAssembliesAndSetupDomain (152ms)
		LoadAssemblies (138ms)
		RebuildTransferFunctionScriptingTraits (0ms)
		AnalyzeDomain (150ms)
			TypeCache.Refresh (148ms)
				TypeCache.ScanAssembly (134ms)
			ScanForSourceGeneratedMonoScriptInfo (1ms)
			ResolveRequiredComponents (1ms)
	FinalizeReload (359ms)
		ReleaseScriptCaches (0ms)
		RebuildScriptCaches (0ms)
		SetupLoadedEditorAssemblies (286ms)
			LogAssemblyErrors (0ms)
			InitializePlatformSupportModulesInManaged (11ms)
			SetLoadedEditorAssemblies (9ms)
			RefreshPlugins (0ms)
			BeforeProcessingInitializeOnLoad (3ms)
			ProcessInitializeOnLoadAttributes (188ms)
			ProcessInitializeOnLoadMethodAttributes (75ms)
			AfterProcessingInitializeOnLoad (0ms)
			EditorAssembliesLoaded (0ms)
		ExecutionOrderSort2 (0ms)
		AwakeInstancesAfterBackupRestoration (0ms)
========================================================================
Worker process is ready to serve import requests
Begin MonoManager ReloadAssembly
- Loaded All Assemblies, in  1.208 seconds
Refreshing native plugins compatible for Editor in 535.93 ms, found 5 plugins.
Native extension for WindowsStandalone target not found
Package Manager log level set to [2]
[Package Manager] Server::EnsureServerProcessIsRunning -- launch failed, reason: Unity was launched with the -noUpm command-line argument
[Package Manager] UpmClient::Send -- Unable to send message (not connected to UPM process).
[Package Manager] Cannot connect to Unity Package Manager local server
Mono: successfully reloaded assembly
- Finished resetting the current domain, in  1.152 seconds
Domain Reload Profiling: 2352ms
	BeginReloadAssembly (226ms)
		ExecutionOrderSort (0ms)
		DisableScriptedObjects (7ms)
		BackupInstance (0ms)
		ReleaseScriptingObjects (0ms)
		CreateAndSetChildDomain (42ms)
	RebuildCommonClasses (57ms)
	RebuildNativeTypeToScriptingClass (15ms)
	initialDomainReloadingComplete (72ms)
	LoadAllAssembliesAndSetupDomain (829ms)
		LoadAssemblies (558ms)
		RebuildTransferFunctionScriptingTraits (0ms)
		AnalyzeDomain (388ms)
			TypeCache.Refresh (357ms)
				TypeCache.ScanAssembly (333ms)
			ScanForSourceGeneratedMonoScriptInfo (22ms)
			ResolveRequiredComponents (7ms)
	FinalizeReload (1152ms)
		ReleaseScriptCaches (0ms)
		RebuildScriptCaches (0ms)
		SetupLoadedEditorAssemblies (936ms)
			LogAssemblyErrors (0ms)
			InitializePlatformSupportModulesInManaged (9ms)
			SetLoadedEditorAssemblies (6ms)
			RefreshPlugins (0ms)
			BeforeProcessingInitializeOnLoad (119ms)
			ProcessInitializeOnLoadAttributes (758ms)
			ProcessInitializeOnLoadMethodAttributes (34ms)
			AfterProcessingInitializeOnLoad (11ms)
			EditorAssembliesLoaded (0ms)
		ExecutionOrderSort2 (0ms)
		AwakeInstancesAfterBackupRestoration (7ms)
Launched and connected shader compiler UnityShaderCompiler.exe after 0.07 seconds
Refreshing native plugins compatible for Editor in 594.17 ms, found 5 plugins.
Preloading 0 native plugins for Editor in 0.00 ms.
Unloading 4077 Unused Serialized files (Serialized files now loaded: 0)
Unloading 902 unused Assets / (0.9 MB). Loaded Objects now: 3669.
Memory consumption went from 150.9 MB to 150.0 MB.
Total: 6.081800 ms (FindLiveObjects: 0.381300 ms CreateObjectMapping: 0.148700 ms MarkObjects: 4.049900 ms  DeleteObjects: 1.500100 ms)

AssetImportParameters requested are different than current active one (requested -> active):
  custom:container-demuxer-ogg: 62fdf1f143b41e24485cea50d1cbac27 -> 
  custom:video-codec-MediaFoundation-h265: 746d11721c4dcdbdad8f713fa42b33f4 -> 
  custom:video-decoder-ogg-theora: a1e56fd34408186e4bbccfd4996cb3dc -> 
  custom:framework-win-MediaFoundation: 216162199b28c13a410421893ffa2e32 -> 
  custom:CustomObjectIndexerAttribute: 43b350a4d6e6d1791af0b5038c4bea17 -> 
  custom:container-demuxer-webm: 4f35f7cbe854078d1ac9338744f61a02 -> 
  custom:container-muxer-webm: aa71ff27fc2769a1b78a27578f13a17b -> 
  custom:video-decoder-webm-vp8: 9c59270c3fd7afecdb556c50c9e8de78 -> 
  custom:SearchIndexIgnoredProperties: e643bd26f0fe6173181afceb89e7c659 -> 
  custom:AudioImporter_EditorPlatform: d09bf68614088b80899f8185d706f6e7 -> 
  custom:video-encoder-webm-vp8: eb34c28f22e8b96e1ab97ce403110664 -> 
  custom:audio-decoder-ogg-vorbis: bf7c407c2cedff20999df2af8eb42d56 -> 
  custom:audio-encoder-webm-vorbis: bf7c407c2cedff20999df2af8eb42d56 -> 
========================================================================
Received Import Request.
  Time since last request: 1015843.465719 seconds.
  path: Assets/Assets & Materials/Imported/20 Texture Sets INDUSTRIAL 01/Metallic/pipe 4 norm.jpg
  artifactKey: Guid(2285134f462f41d47a93324d63c00608) Importer(2089858483,0ecaa5967403d082aa24f35e1b516d23)
Start importing Assets/Assets & Materials/Imported/20 Texture Sets INDUSTRIAL 01/Metallic/pipe 4 norm.jpg using Guid(2285134f462f41d47a93324d63c00608) Importer(2089858483,0ecaa5967403d082aa24f35e1b516d23) Generated GUIDs only implemented for interfaces!
 -> (artifact id: '2914d83dbf357ccf003e97c27fa0a8fe') in 0.214748 seconds
Number of updated asset objects reloaded before import = 0
Number of asset objects unloaded after import = 1
========================================================================
Received Import Request.
  Time since last request: 0.000057 seconds.
  path: Assets/Assets & Materials/Imported/20 Texture Sets INDUSTRIAL 01/Metallic/pipe 2 bump.jpg
  artifactKey: Guid(18e29cb7fcac9634d82793cdae44e520) Importer(2089858483,0ecaa5967403d082aa24f35e1b516d23)
Start importing Assets/Assets & Materials/Imported/20 Texture Sets INDUSTRIAL 01/Metallic/pipe 2 bump.jpg using Guid(18e29cb7fcac9634d82793cdae44e520) Importer(2089858483,0ecaa5967403d082aa24f35e1b516d23) Generated GUIDs only implemented for interfaces!
 -> (artifact id: 'd3a84f6a0f232dacbeaf766bfeae8189') in 0.055083 seconds
Number of updated asset objects reloaded before import = 0
Number of asset objects unloaded after import = 1
========================================================================
Received Import Request.
  Time since last request: 0.000026 seconds.
  path: Assets/Assets & Materials/Imported/20 Texture Sets INDUSTRIAL 01/Metallic/Example Materials
  artifactKey: Guid(e86e646662731654d8e084a8621db72a) Importer(2089858483,0ecaa5967403d082aa24f35e1b516d23)
Start importing Assets/Assets & Materials/Imported/20 Texture Sets INDUSTRIAL 01/Metallic/Example Materials using Guid(e86e646662731654d8e084a8621db72a) Importer(2089858483,0ecaa5967403d082aa24f35e1b516d23) Generated GUIDs only implemented for interfaces!
 -> (artifact id: '26a0191be6bb24615488bb1e270ae993') in 0.018664 seconds
Number of updated asset objects reloaded before import = 0
Number of asset objects unloaded after import = 1
========================================================================
Received Import Request.
  Time since last request: 0.000080 seconds.
  path: Assets/Assets & Materials/Imported/20 Texture Sets INDUSTRIAL 01/Metallic/pipe 9 fx.jpg
  artifactKey: Guid(3a35eadaafd10b74194cd353795ca8e8) Importer(2089858483,0ecaa5967403d082aa24f35e1b516d23)
Start importing Assets/Assets & Materials/Imported/20 Texture Sets INDUSTRIAL 01/Metallic/pipe 9 fx.jpg using Guid(3a35eadaafd10b74194cd353795ca8e8) Importer(2089858483,0ecaa5967403d082aa24f35e1b516d23) Generated GUIDs only implemented for interfaces!
 -> (artifact id: '1b86b56b097893cd4775fb11193d9c5b') in 0.047657 seconds
Number of updated asset objects reloaded before import = 0
Number of asset objects unloaded after import = 1
========================================================================
Received Import Request.
  Time since last request: 0.000037 seconds.
  path: Assets/Assets & Materials/Imported/20 Texture Sets INDUSTRIAL 01/Metallic/pipe 5 full.jpg
  artifactKey: Guid(2285831674e96d84d94ae79668675dc3) Importer(2089858483,0ecaa5967403d082aa24f35e1b516d23)
Start importing Assets/Assets & Materials/Imported/20 Texture Sets INDUSTRIAL 01/Metallic/pipe 5 full.jpg using Guid(2285831674e96d84d94ae79668675dc3) Importer(2089858483,0ecaa5967403d082aa24f35e1b516d23) Generated GUIDs only implemented for interfaces!
 -> (artifact id: '1abe22499c853f989d68237df479ef2d') in 0.049976 seconds
Number of updated asset objects reloaded before import = 0
Number of asset objects unloaded after import = 1
========================================================================
Received Import Request.
  Time since last request: 0.000026 seconds.
  path: Assets/Assets & Materials/Imported/20 Texture Sets INDUSTRIAL 01/Plastic&Rubber/pipe 2 bump.jpg
  artifactKey: Guid(fac692da8f8c11c4d97963d90a0c1597) Importer(2089858483,0ecaa5967403d082aa24f35e1b516d23)
Start importing Assets/Assets & Materials/Imported/20 Texture Sets INDUSTRIAL 01/Plastic&Rubber/pipe 2 bump.jpg using Guid(fac692da8f8c11c4d97963d90a0c1597) Importer(2089858483,0ecaa5967403d082aa24f35e1b516d23) Generated GUIDs only implemented for interfaces!
 -> (artifact id: 'd277f1f91a2712c02998a1ab67ff1e17') in 0.050554 seconds
Number of updated asset objects reloaded before import = 0
Number of asset objects unloaded after import = 1
========================================================================
Received Import Request.
  Time since last request: 0.000032 seconds.
  path: Assets/Assets & Materials/Imported/20 Texture Sets INDUSTRIAL 01/Plastic&Rubber/Example Materials/Pipe 3 PlasticRubber.mat
  artifactKey: Guid(465d32551422ba6478faa692d0ca39fe) Importer(2089858483,0ecaa5967403d082aa24f35e1b516d23)
Start importing Assets/Assets & Materials/Imported/20 Texture Sets INDUSTRIAL 01/Plastic&Rubber/Example Materials/Pipe 3 PlasticRubber.mat using Guid(465d32551422ba6478faa692d0ca39fe) Importer(2089858483,0ecaa5967403d082aa24f35e1b516d23) Generated GUIDs only implemented for interfaces!
 -> (artifact id: 'd7aeee75a615567648d31d29fd3fec24') in 0.120894 seconds
Number of updated asset objects reloaded before import = 0
Number of asset objects unloaded after import = 4
========================================================================
Received Import Request.
  Time since last request: 0.000048 seconds.
  path: Assets/Assets & Materials/Imported/20 Texture Sets INDUSTRIAL 01/Metallic/pipe 4 fx.jpg
  artifactKey: Guid(6c0598241da9134438c6b05638b98efc) Importer(2089858483,0ecaa5967403d082aa24f35e1b516d23)
Start importing Assets/Assets & Materials/Imported/20 Texture Sets INDUSTRIAL 01/Metallic/pipe 4 fx.jpg using Guid(6c0598241da9134438c6b05638b98efc) Importer(2089858483,0ecaa5967403d082aa24f35e1b516d23) Generated GUIDs only implemented for interfaces!
 -> (artifact id: 'c4ecba6981a51db54b8a2a4a521cb549') in 0.055635 seconds
Number of updated asset objects reloaded before import = 0
Number of asset objects unloaded after import = 1
========================================================================
Received Import Request.
  Time since last request: 0.000027 seconds.
  path: Assets/Assets & Materials/Imported/20 Texture Sets INDUSTRIAL 01/Plastic&Rubber/pipe 10 diff.jpg
  artifactKey: Guid(8cd43b5df3903b54f89a6604cfc5e178) Importer(2089858483,0ecaa5967403d082aa24f35e1b516d23)
Start importing Assets/Assets & Materials/Imported/20 Texture Sets INDUSTRIAL 01/Plastic&Rubber/pipe 10 diff.jpg using Guid(8cd43b5df3903b54f89a6604cfc5e178) Importer(2089858483,0ecaa5967403d082aa24f35e1b516d23) Generated GUIDs only implemented for interfaces!
 -> (artifact id: '31cbeae140eda5fbca01c5dde6ad43e5') in 0.055468 seconds
Number of updated asset objects reloaded before import = 0
Number of asset objects unloaded after import = 1
========================================================================
Received Import Request.
  Time since last request: 0.000021 seconds.
  path: Assets/Scenes/SampleScene.unity
  artifactKey: Guid(9fc0d4010bbf28b4594072e72b8655ab) Importer(2089858483,0ecaa5967403d082aa24f35e1b516d23)
Start importing Assets/Scenes/SampleScene.unity using Guid(9fc0d4010bbf28b4594072e72b8655ab) Importer(2089858483,0ecaa5967403d082aa24f35e1b516d23) Generated GUIDs only implemented for interfaces!
 -> (artifact id: '52887fb53585dfcc906f4eee4d390626') in 0.015844 seconds
Number of updated asset objects reloaded before import = 0
Number of asset objects unloaded after import = 1
========================================================================
Received Import Request.
  Time since last request: 0.000066 seconds.
  path: Assets/Assets & Materials/Imported/20 Texture Sets INDUSTRIAL 01/Plastic&Rubber/pipe 6 bump.jpg
  artifactKey: Guid(5e6044ae1ecff7f40897e3579da39de2) Importer(2089858483,0ecaa5967403d082aa24f35e1b516d23)
Start importing Assets/Assets & Materials/Imported/20 Texture Sets INDUSTRIAL 01/Plastic&Rubber/pipe 6 bump.jpg using Guid(5e6044ae1ecff7f40897e3579da39de2) Importer(2089858483,0ecaa5967403d082aa24f35e1b516d23) Generated GUIDs only implemented for interfaces!
 -> (artifact id: 'f983de1891fb6ceac56b2424a8c4e5c4') in 0.042052 seconds
Number of updated asset objects reloaded before import = 0
Number of asset objects unloaded after import = 1
========================================================================
Received Import Request.
  Time since last request: 0.000175 seconds.
  path: Assets/Assets & Materials/Imported/TDG Storage Solutions/Materials/Metal (Black).mat
  artifactKey: Guid(ed56cd885ec9ddd40bdd7440e456021a) Importer(2089858483,0ecaa5967403d082aa24f35e1b516d23)
Start importing Assets/Assets & Materials/Imported/TDG Storage Solutions/Materials/Metal (Black).mat using Guid(ed56cd885ec9ddd40bdd7440e456021a) Importer(2089858483,0ecaa5967403d082aa24f35e1b516d23) Generated GUIDs only implemented for interfaces!
 -> (artifact id: 'c0311a65fa36700102352ef7df145a3f') in 0.030719 seconds
Number of updated asset objects reloaded before import = 0
Number of asset objects unloaded after import = 1
========================================================================
Received Import Request.
  Time since last request: 0.000031 seconds.
  path: Assets/Assets & Materials/Imported/20 Texture Sets INDUSTRIAL 01/Metallic/pipe 7 norm.jpg
  artifactKey: Guid(c537b63c744969347b05548d032a48ad) Importer(2089858483,0ecaa5967403d082aa24f35e1b516d23)
Start importing Assets/Assets & Materials/Imported/20 Texture Sets INDUSTRIAL 01/Metallic/pipe 7 norm.jpg using Guid(c537b63c744969347b05548d032a48ad) Importer(2089858483,0ecaa5967403d082aa24f35e1b516d23) Generated GUIDs only implemented for interfaces!
 -> (artifact id: '569edc777854311f38c55aadda63dfb3') in 0.039046 seconds
Number of updated asset objects reloaded before import = 0
Number of asset objects unloaded after import = 1
========================================================================
Received Import Request.
  Time since last request: 0.000023 seconds.
  path: Assets/Assets & Materials/Imported/20 Texture Sets INDUSTRIAL 01/Plastic&Rubber/pipe 3 bump.jpg
  artifactKey: Guid(59a3f7531689f5641b0776d665ce11ad) Importer(2089858483,0ecaa5967403d082aa24f35e1b516d23)
Start importing Assets/Assets & Materials/Imported/20 Texture Sets INDUSTRIAL 01/Plastic&Rubber/pipe 3 bump.jpg using Guid(59a3f7531689f5641b0776d665ce11ad) Importer(2089858483,0ecaa5967403d082aa24f35e1b516d23) Generated GUIDs only implemented for interfaces!
 -> (artifact id: 'af6c99dd01e4413568858380dd971f1d') in 0.037248 seconds
Number of updated asset objects reloaded before import = 0
Number of asset objects unloaded after import = 1
========================================================================
Received Import Request.
  Time since last request: 0.000043 seconds.
  path: Assets/Assets & Materials/Imported/TDG Storage Solutions/Materials/Driveway.mat
  artifactKey: Guid(c5ded7f743d20c844befd4127273afe7) Importer(2089858483,0ecaa5967403d082aa24f35e1b516d23)
Start importing Assets/Assets & Materials/Imported/TDG Storage Solutions/Materials/Driveway.mat using Guid(c5ded7f743d20c844befd4127273afe7) Importer(2089858483,0ecaa5967403d082aa24f35e1b516d23) Generated GUIDs only implemented for interfaces!
 -> (artifact id: 'cd4c1af7b7ad6451d8d680e7cc4740b5') in 0.019588 seconds
Number of updated asset objects reloaded before import = 0
Number of asset objects unloaded after import = 1
========================================================================
Received Import Request.
  Time since last request: 0.000039 seconds.
  path: Assets/Assets & Materials/Imported/20 Texture Sets INDUSTRIAL 01/Metallic/pipe 4 diff.jpg
  artifactKey: Guid(ba19c077fb6aa784fb55d50fc077ada9) Importer(2089858483,0ecaa5967403d082aa24f35e1b516d23)
Start importing Assets/Assets & Materials/Imported/20 Texture Sets INDUSTRIAL 01/Metallic/pipe 4 diff.jpg using Guid(ba19c077fb6aa784fb55d50fc077ada9) Importer(2089858483,0ecaa5967403d082aa24f35e1b516d23) Generated GUIDs only implemented for interfaces!
 -> (artifact id: 'f6d6cc6072858ec0489541ee539788a8') in 0.049760 seconds
Number of updated asset objects reloaded before import = 0
Number of asset objects unloaded after import = 1
========================================================================
Received Import Request.
  Time since last request: 0.000032 seconds.
  path: Assets/Assets & Materials/Imported/TDG Storage Solutions/Prefabs/Storage Tub.prefab
  artifactKey: Guid(29517eaf68983fb4689d2c1cf301bea7) Importer(2089858483,0ecaa5967403d082aa24f35e1b516d23)
Start importing Assets/Assets & Materials/Imported/TDG Storage Solutions/Prefabs/Storage Tub.prefab using Guid(29517eaf68983fb4689d2c1cf301bea7) Importer(2089858483,0ecaa5967403d082aa24f35e1b516d23) Generated GUIDs only implemented for interfaces!
 -> (artifact id: 'd0577b2e393b71528effe732568a7b71') in 0.044946 seconds
Number of updated asset objects reloaded before import = 0
Number of asset objects unloaded after import = 14
========================================================================
Received Import Request.
  Time since last request: 0.000033 seconds.
  path: Assets/Assets & Materials/Imported/20 Texture Sets INDUSTRIAL 01/Plastic&Rubber/pipe 8 full.jpg
  artifactKey: Guid(8700436ee73557b4b8d973af598001a9) Importer(2089858483,0ecaa5967403d082aa24f35e1b516d23)
Start importing Assets/Assets & Materials/Imported/20 Texture Sets INDUSTRIAL 01/Plastic&Rubber/pipe 8 full.jpg using Guid(8700436ee73557b4b8d973af598001a9) Importer(2089858483,0ecaa5967403d082aa24f35e1b516d23) Generated GUIDs only implemented for interfaces!
 -> (artifact id: '898e8a3ed4da45159442b4a40e84e5c1') in 0.049650 seconds
Number of updated asset objects reloaded before import = 0
Number of asset objects unloaded after import = 1
========================================================================
Received Import Request.
  Time since last request: 0.000026 seconds.
  path: Assets/Assets & Materials/Imported/20 Texture Sets INDUSTRIAL 01/Metallic/pipe 10 fx.jpg
  artifactKey: Guid(4f02dd48797879a41bf8fd6089724d1b) Importer(2089858483,0ecaa5967403d082aa24f35e1b516d23)
Start importing Assets/Assets & Materials/Imported/20 Texture Sets INDUSTRIAL 01/Metallic/pipe 10 fx.jpg using Guid(4f02dd48797879a41bf8fd6089724d1b) Importer(2089858483,0ecaa5967403d082aa24f35e1b516d23) Generated GUIDs only implemented for interfaces!
 -> (artifact id: '929d8df8360341d47d4722b7cdba46d8') in 0.049386 seconds
Number of updated asset objects reloaded before import = 0
Number of asset objects unloaded after import = 1
========================================================================
Received Import Request.
  Time since last request: 0.000023 seconds.
  path: Assets/Assets & Materials/Imported/20 Texture Sets INDUSTRIAL 01/Metallic/pipe 1 diff.jpg
  artifactKey: Guid(d408f57d851cbd6498d74e0c538b4178) Importer(2089858483,0ecaa5967403d082aa24f35e1b516d23)
Start importing Assets/Assets & Materials/Imported/20 Texture Sets INDUSTRIAL 01/Metallic/pipe 1 diff.jpg using Guid(d408f57d851cbd6498d74e0c538b4178) Importer(2089858483,0ecaa5967403d082aa24f35e1b516d23) Generated GUIDs only implemented for interfaces!
 -> (artifact id: 'cab3523b7fc03171778cb1260b5f0ef7') in 0.053797 seconds
Number of updated asset objects reloaded before import = 0
Number of asset objects unloaded after import = 1
========================================================================
Received Import Request.
  Time since last request: 0.000036 seconds.
  path: Assets/Assets & Materials/Imported/20 Texture Sets INDUSTRIAL 01/Metallic/pipe 10 full.jpg
  artifactKey: Guid(a20ea2f373f7f184e882d77d40e0ee9e) Importer(2089858483,0ecaa5967403d082aa24f35e1b516d23)
Start importing Assets/Assets & Materials/Imported/20 Texture Sets INDUSTRIAL 01/Metallic/pipe 10 full.jpg using Guid(a20ea2f373f7f184e882d77d40e0ee9e) Importer(2089858483,0ecaa5967403d082aa24f35e1b516d23) Generated GUIDs only implemented for interfaces!
 -> (artifact id: '76422caa77741652ac350153dbea60a9') in 0.061337 seconds
Number of updated asset objects reloaded before import = 0
Number of asset objects unloaded after import = 1
========================================================================
Received Import Request.
  Time since last request: 0.000031 seconds.
  path: Assets/Ros2ForUnity/Plugins/Linux/x86_64/libsensor_msgs_joy_feedback__rosidl_typesupport_fastrtps_c_native.so
  artifactKey: Guid(05164b21970774d339874f2dcad48ff6) Importer(815301076,1909f56bfc062723c751e8b465ee728b)
Start importing Assets/Ros2ForUnity/Plugins/Linux/x86_64/libsensor_msgs_joy_feedback__rosidl_typesupport_fastrtps_c_native.so using Guid(05164b21970774d339874f2dcad48ff6) Importer(815301076,1909f56bfc062723c751e8b465ee728b)  -> (artifact id: '039e10a3f2e2f3d863c2dc438346d984') in 0.018399 seconds
Number of updated asset objects reloaded before import = 0
Number of asset objects unloaded after import = 1
========================================================================
Received Import Request.
  Time since last request: 0.000030 seconds.
  path: Assets/Assets & Materials/Imported/20 Texture Sets INDUSTRIAL 01/Metallic/pipe 3 fx.jpg
  artifactKey: Guid(20af2e4ea340bea49842595da7d90556) Importer(2089858483,0ecaa5967403d082aa24f35e1b516d23)
Start importing Assets/Assets & Materials/Imported/20 Texture Sets INDUSTRIAL 01/Metallic/pipe 3 fx.jpg using Guid(20af2e4ea340bea49842595da7d90556) Importer(2089858483,0ecaa5967403d082aa24f35e1b516d23) Generated GUIDs only implemented for interfaces!
 -> (artifact id: '026fd3c8cf1e7083dcdd68a9fe5546da') in 0.051088 seconds
Number of updated asset objects reloaded before import = 0
Number of asset objects unloaded after import = 1
========================================================================
Received Import Request.
  Time since last request: 0.000027 seconds.
  path: Assets/Ros2ForUnity/Plugins/Linux/x86_64/libsensor_msgs_joy_feedback__rosidl_typesupport_introspection_c_native.so
  artifactKey: Guid(2ef17feddf87538d881b679a76c1e440) Importer(815301076,1909f56bfc062723c751e8b465ee728b)
Start importing Assets/Ros2ForUnity/Plugins/Linux/x86_64/libsensor_msgs_joy_feedback__rosidl_typesupport_introspection_c_native.so using Guid(2ef17feddf87538d881b679a76c1e440) Importer(815301076,1909f56bfc062723c751e8b465ee728b)  -> (artifact id: '135ce8fb1fe61f4b438aeda8891c32fe') in 0.001612 seconds
Number of updated asset objects reloaded before import = 0
Number of asset objects unloaded after import = 1
========================================================================
Received Import Request.
  Time since last request: 0.000027 seconds.
  path: Assets/Assets & Materials/Imported/20 Texture Sets INDUSTRIAL 01/Plastic&Rubber/pipe 7 diff.jpg
  artifactKey: Guid(43ea96a2285c792488f2bdb36d34724f) Importer(2089858483,0ecaa5967403d082aa24f35e1b516d23)
Start importing Assets/Assets & Materials/Imported/20 Texture Sets INDUSTRIAL 01/Plastic&Rubber/pipe 7 diff.jpg using Guid(43ea96a2285c792488f2bdb36d34724f) Importer(2089858483,0ecaa5967403d082aa24f35e1b516d23) Generated GUIDs only implemented for interfaces!
 -> (artifact id: '194208aa1e93a680d562fb8be7db3731') in 0.049804 seconds
Number of updated asset objects reloaded before import = 0
Number of asset objects unloaded after import = 1
========================================================================
Received Import Request.
  Time since last request: 0.000031 seconds.
  path: Assets/Assets & Materials/Imported/TDG Storage Solutions/Scenes/Demo Scene.unity
  artifactKey: Guid(2d4d181b8e7363346b02977ff0fa8e0c) Importer(2089858483,0ecaa5967403d082aa24f35e1b516d23)
Start importing Assets/Assets & Materials/Imported/TDG Storage Solutions/Scenes/Demo Scene.unity using Guid(2d4d181b8e7363346b02977ff0fa8e0c) Importer(2089858483,0ecaa5967403d082aa24f35e1b516d23) Generated GUIDs only implemented for interfaces!
 -> (artifact id: '146f225284dc678d82174ee92eaeaa0e') in 0.017793 seconds
Number of updated asset objects reloaded before import = 0
Number of asset objects unloaded after import = 1
========================================================================
Received Import Request.
  Time since last request: 0.000037 seconds.
  path: Assets/Assets & Materials/Imported/TDG Storage Solutions/Models/ModularShelfSupport1.fbx
  artifactKey: Guid(c4dea948f12803a43b51f8c9d7510535) Importer(2089858483,0ecaa5967403d082aa24f35e1b516d23)
Start importing Assets/Assets & Materials/Imported/TDG Storage Solutions/Models/ModularShelfSupport1.fbx using Guid(c4dea948f12803a43b51f8c9d7510535) Importer(2089858483,0ecaa5967403d082aa24f35e1b516d23) Generated GUIDs only implemented for interfaces!
 -> (artifact id: '82b15c945ecc9e012c285c679627cfd1') in 0.077361 seconds
Number of updated asset objects reloaded before import = 0
Number of asset objects unloaded after import = 8
========================================================================
Received Import Request.
  Time since last request: 0.000058 seconds.
  path: Assets/Assets & Materials/Imported/TDG Storage Solutions/Materials/Orange Plastic.mat
  artifactKey: Guid(a207674b9d9b6c849942af081b2ac396) Importer(2089858483,0ecaa5967403d082aa24f35e1b516d23)
Start importing Assets/Assets & Materials/Imported/TDG Storage Solutions/Materials/Orange Plastic.mat using Guid(a207674b9d9b6c849942af081b2ac396) Importer(2089858483,0ecaa5967403d082aa24f35e1b516d23) Generated GUIDs only implemented for interfaces!
 -> (artifact id: '7372be7fdb2777104c90e4796d849fcc') in 0.020823 seconds
Number of updated asset objects reloaded before import = 0
Number of asset objects unloaded after import = 1
========================================================================
Received Import Request.
  Time since last request: 0.000051 seconds.
  path: Assets/Assets & Materials/Imported/TDG Storage Solutions/Models/Cubes.fbx
  artifactKey: Guid(d27a5dc6afdc91543be61970284688b5) Importer(2089858483,0ecaa5967403d082aa24f35e1b516d23)
Start importing Assets/Assets & Materials/Imported/TDG Storage Solutions/Models/Cubes.fbx using Guid(d27a5dc6afdc91543be61970284688b5) Importer(2089858483,0ecaa5967403d082aa24f35e1b516d23) Generated GUIDs only implemented for interfaces!
 -> (artifact id: '5c0484acc5d08c1864522617f932f130') in 0.044094 seconds
Number of updated asset objects reloaded before import = 0
Number of asset objects unloaded after import = 8
========================================================================
Received Import Request.
  Time since last request: 0.000032 seconds.
  path: Assets/Assets & Materials/Imported/TDG Storage Solutions/Prefabs/CubeInsert 1.prefab
  artifactKey: Guid(e9383fb61f772504d821ae5fcfad752e) Importer(2089858483,0ecaa5967403d082aa24f35e1b516d23)
Start importing Assets/Assets & Materials/Imported/TDG Storage Solutions/Prefabs/CubeInsert 1.prefab using Guid(e9383fb61f772504d821ae5fcfad752e) Importer(2089858483,0ecaa5967403d082aa24f35e1b516d23) Generated GUIDs only implemented for interfaces!
 -> (artifact id: '321460d04757668ef247af97bc552c23') in 0.037596 seconds
Number of updated asset objects reloaded before import = 0
Number of asset objects unloaded after import = 13
========================================================================
Received Import Request.
  Time since last request: 0.000040 seconds.
  path: Assets/Assets & Materials/Imported/TDG Storage Solutions/Materials/Plastic (Green).mat
  artifactKey: Guid(1d9ee53b34b736043ae7917d973cf5e9) Importer(2089858483,0ecaa5967403d082aa24f35e1b516d23)
Start importing Assets/Assets & Materials/Imported/TDG Storage Solutions/Materials/Plastic (Green).mat using Guid(1d9ee53b34b736043ae7917d973cf5e9) Importer(2089858483,0ecaa5967403d082aa24f35e1b516d23) Generated GUIDs only implemented for interfaces!
 -> (artifact id: 'd03835f0087e4b1d8d8d4c5f5cd06c4e') in 0.025918 seconds
Number of updated asset objects reloaded before import = 0
Number of asset objects unloaded after import = 1
========================================================================
Received Import Request.
  Time since last request: 0.000034 seconds.
  path: Assets/Assets & Materials/Imported/20 Texture Sets INDUSTRIAL 01/Metallic/Example Materials/Pipe 9 metal.mat
  artifactKey: Guid(1ed6179bb77649b4fa86e5861df1d426) Importer(2089858483,0ecaa5967403d082aa24f35e1b516d23)
Start importing Assets/Assets & Materials/Imported/20 Texture Sets INDUSTRIAL 01/Metallic/Example Materials/Pipe 9 metal.mat using Guid(1ed6179bb77649b4fa86e5861df1d426) Importer(2089858483,0ecaa5967403d082aa24f35e1b516d23) Generated GUIDs only implemented for interfaces!
 -> (artifact id: '840b310afa78ce08d6ce2daf46e15902') in 0.068439 seconds
Number of updated asset objects reloaded before import = 0
Number of asset objects unloaded after import = 4
========================================================================
Received Import Request.
  Time since last request: 0.000070 seconds.
  path: Assets/Assets & Materials/Imported/20 Texture Sets INDUSTRIAL 01/Metallic/pipe 9 full.jpg
  artifactKey: Guid(cc56672770b10634881838a87654602b) Importer(2089858483,0ecaa5967403d082aa24f35e1b516d23)
Start importing Assets/Assets & Materials/Imported/20 Texture Sets INDUSTRIAL 01/Metallic/pipe 9 full.jpg using Guid(cc56672770b10634881838a87654602b) Importer(2089858483,0ecaa5967403d082aa24f35e1b516d23) Generated GUIDs only implemented for interfaces!
 -> (artifact id: '8861ef192082b25f6f813858c9c693a9') in 0.061374 seconds
Number of updated asset objects reloaded before import = 0
Number of asset objects unloaded after import = 1
========================================================================
Received Import Request.
  Time since last request: 0.000039 seconds.
  path: Assets/Assets & Materials/Imported/TDG Storage Solutions/Models/WallRackSupport.fbx
  artifactKey: Guid(77c862da03893c148a17a7b2735e5ede) Importer(2089858483,0ecaa5967403d082aa24f35e1b516d23)
Start importing Assets/Assets & Materials/Imported/TDG Storage Solutions/Models/WallRackSupport.fbx using Guid(77c862da03893c148a17a7b2735e5ede) Importer(2089858483,0ecaa5967403d082aa24f35e1b516d23) Generated GUIDs only implemented for interfaces!
 -> (artifact id: 'feee7e171c043a8cf49f3481f98608b7') in 0.043016 seconds
Number of updated asset objects reloaded before import = 0
Number of asset objects unloaded after import = 8
========================================================================
Received Import Request.
  Time since last request: 0.000041 seconds.
  path: Assets/Assets & Materials/Imported/20 Texture Sets INDUSTRIAL 01/Plastic&Rubber/pipe 5 bump.jpg
  artifactKey: Guid(c645ee1bd03859946963ebb612e3ec32) Importer(2089858483,0ecaa5967403d082aa24f35e1b516d23)
Start importing Assets/Assets & Materials/Imported/20 Texture Sets INDUSTRIAL 01/Plastic&Rubber/pipe 5 bump.jpg using Guid(c645ee1bd03859946963ebb612e3ec32) Importer(2089858483,0ecaa5967403d082aa24f35e1b516d23) Generated GUIDs only implemented for interfaces!
 -> (artifact id: '63f9fa0611776156b348979363e2289a') in 0.054535 seconds
Number of updated asset objects reloaded before import = 0
Number of asset objects unloaded after import = 1
========================================================================
Received Import Request.
  Time since last request: 0.000026 seconds.
  path: Assets/Assets & Materials/Imported/20 Texture Sets INDUSTRIAL 01/Metallic/pipe 1 norm.jpg
  artifactKey: Guid(b3906a702273974459e6e3fb6a74998b) Importer(2089858483,0ecaa5967403d082aa24f35e1b516d23)
Start importing Assets/Assets & Materials/Imported/20 Texture Sets INDUSTRIAL 01/Metallic/pipe 1 norm.jpg using Guid(b3906a702273974459e6e3fb6a74998b) Importer(2089858483,0ecaa5967403d082aa24f35e1b516d23) Generated GUIDs only implemented for interfaces!
 -> (artifact id: 'f57ffd15e3dbfc5d263ea48efccd8fa3') in 0.051880 seconds
Number of updated asset objects reloaded before import = 0
Number of asset objects unloaded after import = 1
========================================================================
Received Import Request.
  Time since last request: 0.000028 seconds.
  path: Assets/Assets & Materials/Imported/20 Texture Sets INDUSTRIAL 01/Metallic/pipe 3 full.jpg
  artifactKey: Guid(55b4a049e0bb62145b462ff40b560eba) Importer(2089858483,0ecaa5967403d082aa24f35e1b516d23)
Start importing Assets/Assets & Materials/Imported/20 Texture Sets INDUSTRIAL 01/Metallic/pipe 3 full.jpg using Guid(55b4a049e0bb62145b462ff40b560eba) Importer(2089858483,0ecaa5967403d082aa24f35e1b516d23) Generated GUIDs only implemented for interfaces!
 -> (artifact id: '80c28107b0b5fb0d9dcc3787e9a80f7a') in 0.050332 seconds
Number of updated asset objects reloaded before import = 0
Number of asset objects unloaded after import = 1
========================================================================
Received Import Request.
  Time since last request: 0.000033 seconds.
  path: Assets/Assets & Materials/Imported/TDG Storage Solutions/Materials/Plastic (Green) 2.mat
  artifactKey: Guid(cb93fc846a4d94044bdbc3e99397d535) Importer(2089858483,0ecaa5967403d082aa24f35e1b516d23)
Start importing Assets/Assets & Materials/Imported/TDG Storage Solutions/Materials/Plastic (Green) 2.mat using Guid(cb93fc846a4d94044bdbc3e99397d535) Importer(2089858483,0ecaa5967403d082aa24f35e1b516d23) Generated GUIDs only implemented for interfaces!
 -> (artifact id: '9069b7255ae2e01d3f57c587b79433b5') in 0.021846 seconds
Number of updated asset objects reloaded before import = 0
Number of asset objects unloaded after import = 1
========================================================================
Received Import Request.
  Time since last request: 0.000039 seconds.
  path: Assets/Assets & Materials/Imported/TDG Storage Solutions/Models/GrassFlat.fbx
  artifactKey: Guid(a16accaf81f27b74cae471bdb9387ecd) Importer(2089858483,0ecaa5967403d082aa24f35e1b516d23)
Start importing Assets/Assets & Materials/Imported/TDG Storage Solutions/Models/GrassFlat.fbx using Guid(a16accaf81f27b74cae471bdb9387ecd) Importer(2089858483,0ecaa5967403d082aa24f35e1b516d23) Generated GUIDs only implemented for interfaces!
 -> (artifact id: 'b29a3f9b284e4fcd0a0f10f7a3092c02') in 0.036997 seconds
Number of updated asset objects reloaded before import = 0
Number of asset objects unloaded after import = 8
========================================================================
Received Import Request.
  Time since last request: 0.000037 seconds.
  path: Assets/Assets & Materials/Imported/TDG Storage Solutions/Prefabs/Modular Shelf Coupling.prefab
  artifactKey: Guid(12de5fdc6a9a2ac41ba55c759ea15ce7) Importer(2089858483,0ecaa5967403d082aa24f35e1b516d23)
Start importing Assets/Assets & Materials/Imported/TDG Storage Solutions/Prefabs/Modular Shelf Coupling.prefab using Guid(12de5fdc6a9a2ac41ba55c759ea15ce7) Importer(2089858483,0ecaa5967403d082aa24f35e1b516d23) Generated GUIDs only implemented for interfaces!
 -> (artifact id: '0efb564a991b7cf6ad6c08943b9e2c00') in 0.029539 seconds
Number of updated asset objects reloaded before import = 0
Number of asset objects unloaded after import = 7
========================================================================
Received Import Request.
  Time since last request: 0.000050 seconds.
  path: Assets/Assets & Materials/Imported/TDG Storage Solutions/Prefabs/Toolbox.prefab
  artifactKey: Guid(41801fb4b96a91a408e3d4a5f590a67e) Importer(2089858483,0ecaa5967403d082aa24f35e1b516d23)
Start importing Assets/Assets & Materials/Imported/TDG Storage Solutions/Prefabs/Toolbox.prefab using Guid(41801fb4b96a91a408e3d4a5f590a67e) Importer(2089858483,0ecaa5967403d082aa24f35e1b516d23) Generated GUIDs only implemented for interfaces!
 -> (artifact id: 'f4ecb280a8b52fcc02f19e8a4868ac92') in 0.018619 seconds
Number of updated asset objects reloaded before import = 0
Number of asset objects unloaded after import = 31
========================================================================
Received Import Request.
  Time since last request: 0.000030 seconds.
  path: Assets/Assets & Materials/Imported/TDG Storage Solutions/Prefabs/Hook 2.prefab
  artifactKey: Guid(a4809818f6acb494088b6978602b0f5c) Importer(2089858483,0ecaa5967403d082aa24f35e1b516d23)
Start importing Assets/Assets & Materials/Imported/TDG Storage Solutions/Prefabs/Hook 2.prefab using Guid(a4809818f6acb494088b6978602b0f5c) Importer(2089858483,0ecaa5967403d082aa24f35e1b516d23) Generated GUIDs only implemented for interfaces!
 -> (artifact id: '5dea40357a8a708efd8e31aa11461958') in 0.032044 seconds
Number of updated asset objects reloaded before import = 0
Number of asset objects unloaded after import = 7
========================================================================
Received Import Request.
  Time since last request: 0.000033 seconds.
  path: Assets/Assets & Materials/Imported/TDG Storage Solutions/Models/CubeInsert1.fbx
  artifactKey: Guid(e4b6707d5855c0341bd02acf914f663d) Importer(2089858483,0ecaa5967403d082aa24f35e1b516d23)
Start importing Assets/Assets & Materials/Imported/TDG Storage Solutions/Models/CubeInsert1.fbx using Guid(e4b6707d5855c0341bd02acf914f663d) Importer(2089858483,0ecaa5967403d082aa24f35e1b516d23) Generated GUIDs only implemented for interfaces!
 -> (artifact id: '235d9b876ec83d6e7a0960872e295bc2') in 0.058568 seconds
Number of updated asset objects reloaded before import = 0
Number of asset objects unloaded after import = 8
========================================================================
Received Import Request.
  Time since last request: 0.000029 seconds.
  path: Assets/Assets & Materials/Imported/TDG Storage Solutions/Materials/Fabric - Straw/fabrics_0062_color_2k.png
  artifactKey: Guid(61c701aa98511e14bb2e8c9718ba38df) Importer(2089858483,0ecaa5967403d082aa24f35e1b516d23)
Start importing Assets/Assets & Materials/Imported/TDG Storage Solutions/Materials/Fabric - Straw/fabrics_0062_color_2k.png using Guid(61c701aa98511e14bb2e8c9718ba38df) Importer(2089858483,0ecaa5967403d082aa24f35e1b516d23) Generated GUIDs only implemented for interfaces!
 -> (artifact id: '75bbe3f3002715ebbc301dd330dca8a2') in 0.060008 seconds
Number of updated asset objects reloaded before import = 0
Number of asset objects unloaded after import = 1
========================================================================
Received Import Request.
  Time since last request: 0.000041 seconds.
  path: Assets/Assets & Materials/Imported/TDG Storage Solutions/Materials/Metal (Orange).mat
  artifactKey: Guid(b6db1da42585e4b4ea03856df1c73b96) Importer(2089858483,0ecaa5967403d082aa24f35e1b516d23)
Start importing Assets/Assets & Materials/Imported/TDG Storage Solutions/Materials/Metal (Orange).mat using Guid(b6db1da42585e4b4ea03856df1c73b96) Importer(2089858483,0ecaa5967403d082aa24f35e1b516d23) Generated GUIDs only implemented for interfaces!
 -> (artifact id: 'adba815af76b39ec916609c1dc318eaa') in 0.026040 seconds
Number of updated asset objects reloaded before import = 0
Number of asset objects unloaded after import = 1
========================================================================
Received Import Request.
  Time since last request: 0.000034 seconds.
  path: Assets/Assets & Materials/Imported/TDG Storage Solutions/Prefabs/Wall Rack Support.prefab
  artifactKey: Guid(d1ef0aa7e33b81b41a68b855d9a088ff) Importer(2089858483,0ecaa5967403d082aa24f35e1b516d23)
Start importing Assets/Assets & Materials/Imported/TDG Storage Solutions/Prefabs/Wall Rack Support.prefab using Guid(d1ef0aa7e33b81b41a68b855d9a088ff) Importer(2089858483,0ecaa5967403d082aa24f35e1b516d23) Generated GUIDs only implemented for interfaces!
 -> (artifact id: '06fabc5a913a7e98b509f1876d5937aa') in 0.039241 seconds
Number of updated asset objects reloaded before import = 0
Number of asset objects unloaded after import = 7
========================================================================
Received Import Request.
  Time since last request: 0.000037 seconds.
  path: Assets/Assets & Materials/Imported/TDG Storage Solutions/Models/Bucket.fbx
  artifactKey: Guid(d9d36b07cb247824b9754cea3e7d6819) Importer(2089858483,0ecaa5967403d082aa24f35e1b516d23)
Start importing Assets/Assets & Materials/Imported/TDG Storage Solutions/Models/Bucket.fbx using Guid(d9d36b07cb247824b9754cea3e7d6819) Importer(2089858483,0ecaa5967403d082aa24f35e1b516d23) Generated GUIDs only implemented for interfaces!
 -> (artifact id: '5fd34f0c96ee006dffd2d01f0be9fa8f') in 0.041644 seconds
Number of updated asset objects reloaded before import = 0
Number of asset objects unloaded after import = 17
========================================================================
Received Import Request.
  Time since last request: 0.000051 seconds.
  path: Assets/Assets & Materials/Imported/TDG Storage Solutions/Prefabs/Hook 3.prefab
  artifactKey: Guid(c27292a39cfe45b4c97f6212c53be3b3) Importer(2089858483,0ecaa5967403d082aa24f35e1b516d23)
Start importing Assets/Assets & Materials/Imported/TDG Storage Solutions/Prefabs/Hook 3.prefab using Guid(c27292a39cfe45b4c97f6212c53be3b3) Importer(2089858483,0ecaa5967403d082aa24f35e1b516d23) Generated GUIDs only implemented for interfaces!
 -> (artifact id: '0c53e80b1762c41429d2a580052b4330') in 0.030689 seconds
Number of updated asset objects reloaded before import = 0
Number of asset objects unloaded after import = 7
========================================================================
Received Import Request.
  Time since last request: 0.000023 seconds.
  path: Assets/Assets & Materials/Imported/20 Texture Sets INDUSTRIAL 01/Plastic&Rubber/pipe 4 diff.jpg
  artifactKey: Guid(03e5c61c4f91d1a4195916384f2dfc20) Importer(2089858483,0ecaa5967403d082aa24f35e1b516d23)
Start importing Assets/Assets & Materials/Imported/20 Texture Sets INDUSTRIAL 01/Plastic&Rubber/pipe 4 diff.jpg using Guid(03e5c61c4f91d1a4195916384f2dfc20) Importer(2089858483,0ecaa5967403d082aa24f35e1b516d23) Generated GUIDs only implemented for interfaces!
 -> (artifact id: 'ca58493f1a690cf7950771cfc54f80e2') in 0.040114 seconds
Number of updated asset objects reloaded before import = 0
Number of asset objects unloaded after import = 1
========================================================================
Received Import Request.
  Time since last request: 0.000022 seconds.
  path: Assets/Assets & Materials/Imported/20 Texture Sets INDUSTRIAL 01/Plastic&Rubber/Example Materials/Pipe 10 PlasticRubber.mat
  artifactKey: Guid(9a3bafa8b35aea343b8f4653c258fda0) Importer(2089858483,0ecaa5967403d082aa24f35e1b516d23)
Start importing Assets/Assets & Materials/Imported/20 Texture Sets INDUSTRIAL 01/Plastic&Rubber/Example Materials/Pipe 10 PlasticRubber.mat using Guid(9a3bafa8b35aea343b8f4653c258fda0) Importer(2089858483,0ecaa5967403d082aa24f35e1b516d23) Generated GUIDs only implemented for interfaces!
 -> (artifact id: '32826c71afdfb3c582a93e5d801964d7') in 0.024833 seconds
Number of updated asset objects reloaded before import = 0
Number of asset objects unloaded after import = 4
========================================================================
Received Import Request.
  Time since last request: 0.000033 seconds.
  path: Assets/Assets & Materials/Imported/20 Texture Sets INDUSTRIAL 01/Metallic/pipe 2 diff.jpg
  artifactKey: Guid(4159f2514e1c348468f72bc5a5fb83ec) Importer(2089858483,0ecaa5967403d082aa24f35e1b516d23)
Start importing Assets/Assets & Materials/Imported/20 Texture Sets INDUSTRIAL 01/Metallic/pipe 2 diff.jpg using Guid(4159f2514e1c348468f72bc5a5fb83ec) Importer(2089858483,0ecaa5967403d082aa24f35e1b516d23) Generated GUIDs only implemented for interfaces!
 -> (artifact id: '7729292f9c481cd0bc97cda5defe9438') in 0.048289 seconds
Number of updated asset objects reloaded before import = 0
Number of asset objects unloaded after import = 1
========================================================================
Received Import Request.
  Time since last request: 0.000029 seconds.
  path: Assets/Assets & Materials/Imported/20 Texture Sets INDUSTRIAL 01/Metallic/Materials/pipe 7 bump.mat
  artifactKey: Guid(7df111b2bcdfdc243b8c28225b738315) Importer(2089858483,0ecaa5967403d082aa24f35e1b516d23)
Start importing Assets/Assets & Materials/Imported/20 Texture Sets INDUSTRIAL 01/Metallic/Materials/pipe 7 bump.mat using Guid(7df111b2bcdfdc243b8c28225b738315) Importer(2089858483,0ecaa5967403d082aa24f35e1b516d23) Generated GUIDs only implemented for interfaces!
 -> (artifact id: 'c653b0bebe9c116cdd5945a39060e568') in 0.024793 seconds
Number of updated asset objects reloaded before import = 0
Number of asset objects unloaded after import = 2
========================================================================
Received Import Request.
  Time since last request: 0.000035 seconds.
  path: Assets/Assets & Materials/Imported/TDG Storage Solutions/Models/WallRackShelf.fbx
  artifactKey: Guid(301c98fb4806c214c978173d88ba97cc) Importer(2089858483,0ecaa5967403d082aa24f35e1b516d23)
Start importing Assets/Assets & Materials/Imported/TDG Storage Solutions/Models/WallRackShelf.fbx using Guid(301c98fb4806c214c978173d88ba97cc) Importer(2089858483,0ecaa5967403d082aa24f35e1b516d23) Generated GUIDs only implemented for interfaces!
 -> (artifact id: 'fa4bdbbc36b07337e9a51d810053ec53') in 0.038984 seconds
Number of updated asset objects reloaded before import = 0
Number of asset objects unloaded after import = 8
========================================================================
Received Import Request.
  Time since last request: 0.000037 seconds.
  path: Assets/Assets & Materials/Imported/Inverse Kinematics/3D/Materials/Red.mat
  artifactKey: Guid(be56296645a02094988c7cfe77fc94e6) Importer(2089858483,0ecaa5967403d082aa24f35e1b516d23)
Start importing Assets/Assets & Materials/Imported/Inverse Kinematics/3D/Materials/Red.mat using Guid(be56296645a02094988c7cfe77fc94e6) Importer(2089858483,0ecaa5967403d082aa24f35e1b516d23) Generated GUIDs only implemented for interfaces!
 -> (artifact id: '34f14dec38248c2c046a5639fde31220') in 0.022276 seconds
Number of updated asset objects reloaded before import = 0
Number of asset objects unloaded after import = 1
========================================================================
Received Import Request.
  Time since last request: 0.000045 seconds.
  path: Assets/Assets & Materials/Marcus Materials/Setpoint Circle Material 1.mat
  artifactKey: Guid(1b9135a016ed94b4ebef1578f6f758db) Importer(2089858483,0ecaa5967403d082aa24f35e1b516d23)
Start importing Assets/Assets & Materials/Marcus Materials/Setpoint Circle Material 1.mat using Guid(1b9135a016ed94b4ebef1578f6f758db) Importer(2089858483,0ecaa5967403d082aa24f35e1b516d23) Generated GUIDs only implemented for interfaces!
 -> (artifact id: 'ec87a74d61065d8cf950582749d1d3d0') in 0.036550 seconds
Number of updated asset objects reloaded before import = 0
Number of asset objects unloaded after import = 1
========================================================================
Received Import Request.
  Time since last request: 0.000327 seconds.
  path: Assets/Assets & Materials/Imported/Inverse Kinematics/Scenes
  artifactKey: Guid(eac06716687d88841972672bb447b67b) Importer(2089858483,0ecaa5967403d082aa24f35e1b516d23)
Start importing Assets/Assets & Materials/Imported/Inverse Kinematics/Scenes using Guid(eac06716687d88841972672bb447b67b) Importer(2089858483,0ecaa5967403d082aa24f35e1b516d23) Generated GUIDs only implemented for interfaces!
 -> (artifact id: '26d522a0d7de162a633036776581b7a5') in 0.024086 seconds
Number of updated asset objects reloaded before import = 0
Number of asset objects unloaded after import = 1
========================================================================
Received Import Request.
  Time since last request: 0.000037 seconds.
  path: Assets/Assets & Materials/Imported/20 Texture Sets INDUSTRIAL 01/Metallic/Materials/pipe 4 bump.mat
  artifactKey: Guid(1d131eb23c19f92439b5f6b011bb77cd) Importer(2089858483,0ecaa5967403d082aa24f35e1b516d23)
Start importing Assets/Assets & Materials/Imported/20 Texture Sets INDUSTRIAL 01/Metallic/Materials/pipe 4 bump.mat using Guid(1d131eb23c19f92439b5f6b011bb77cd) Importer(2089858483,0ecaa5967403d082aa24f35e1b516d23) Generated GUIDs only implemented for interfaces!
 -> (artifact id: '58b0d07c59a552c2abf099f1c6b99767') in 0.035414 seconds
Number of updated asset objects reloaded before import = 0
Number of asset objects unloaded after import = 2
========================================================================
Received Import Request.
  Time since last request: 0.000044 seconds.
  path: Assets/Assets & Materials/Imported/20 Texture Sets INDUSTRIAL 01/Metallic/Materials/pipe 5 bump.mat
  artifactKey: Guid(e2db5966419510042ab57f34f92a22d6) Importer(2089858483,0ecaa5967403d082aa24f35e1b516d23)
Start importing Assets/Assets & Materials/Imported/20 Texture Sets INDUSTRIAL 01/Metallic/Materials/pipe 5 bump.mat using Guid(e2db5966419510042ab57f34f92a22d6) Importer(2089858483,0ecaa5967403d082aa24f35e1b516d23) Generated GUIDs only implemented for interfaces!
 -> (artifact id: 'd4421942b5b303ab13d62b9c0fd0abf7') in 0.036393 seconds
Number of updated asset objects reloaded before import = 0
Number of asset objects unloaded after import = 2
========================================================================
Received Import Request.
  Time since last request: 0.000038 seconds.
  path: Assets/Assets & Materials/Imported/20 Texture Sets INDUSTRIAL 01/Metallic/Materials/pipe 7 fx.mat
  artifactKey: Guid(bdbde138592d8384798593bc3958ead3) Importer(2089858483,0ecaa5967403d082aa24f35e1b516d23)
Start importing Assets/Assets & Materials/Imported/20 Texture Sets INDUSTRIAL 01/Metallic/Materials/pipe 7 fx.mat using Guid(bdbde138592d8384798593bc3958ead3) Importer(2089858483,0ecaa5967403d082aa24f35e1b516d23) Generated GUIDs only implemented for interfaces!
 -> (artifact id: '2065f1d64a408a9be14c2ff8b0bcd045') in 0.040741 seconds
Number of updated asset objects reloaded before import = 0
Number of asset objects unloaded after import = 2
========================================================================
Received Import Request.
  Time since last request: 0.000046 seconds.
  path: Assets/Assets & Materials/Imported/Inverse Kinematics/Textures
  artifactKey: Guid(d2b4d2bce3a568e41a5e6998a2b71cef) Importer(2089858483,0ecaa5967403d082aa24f35e1b516d23)
Start importing Assets/Assets & Materials/Imported/Inverse Kinematics/Textures using Guid(d2b4d2bce3a568e41a5e6998a2b71cef) Importer(2089858483,0ecaa5967403d082aa24f35e1b516d23) Generated GUIDs only implemented for interfaces!
 -> (artifact id: '0604a13472a722465f4bf71e23034d77') in 0.023990 seconds
Number of updated asset objects reloaded before import = 0
Number of asset objects unloaded after import = 1
========================================================================
Received Import Request.
  Time since last request: 0.000379 seconds.
  path: Assets/Assets & Materials/Imported/20 Texture Sets INDUSTRIAL 01/Metallic/pipe 6 full.jpg
  artifactKey: Guid(f5edbdbe08a31af40b98da6afe39f8da) Importer(2089858483,0ecaa5967403d082aa24f35e1b516d23)
Start importing Assets/Assets & Materials/Imported/20 Texture Sets INDUSTRIAL 01/Metallic/pipe 6 full.jpg using Guid(f5edbdbe08a31af40b98da6afe39f8da) Importer(2089858483,0ecaa5967403d082aa24f35e1b516d23) Generated GUIDs only implemented for interfaces!
 -> (artifact id: '56daa86cdfbe56cda12d45fff00104b8') in 0.066257 seconds
Number of updated asset objects reloaded before import = 0
Number of asset objects unloaded after import = 1
========================================================================
Received Import Request.
  Time since last request: 0.000039 seconds.
  path: Assets/Assets & Materials/Imported/20 Texture Sets INDUSTRIAL 01/Metallic/pipe 5 fx.jpg
  artifactKey: Guid(d740fa4bfb7c69442abc06ddd74f7950) Importer(2089858483,0ecaa5967403d082aa24f35e1b516d23)
Start importing Assets/Assets & Materials/Imported/20 Texture Sets INDUSTRIAL 01/Metallic/pipe 5 fx.jpg using Guid(d740fa4bfb7c69442abc06ddd74f7950) Importer(2089858483,0ecaa5967403d082aa24f35e1b516d23) Generated GUIDs only implemented for interfaces!
 -> (artifact id: 'f5fe0e99de4c55d482f5169521c3e3c9') in 0.051251 seconds
Number of updated asset objects reloaded before import = 0
Number of asset objects unloaded after import = 1
========================================================================
Received Import Request.
  Time since last request: 0.000038 seconds.
  path: Assets/Assets & Materials/Imported/TDG Storage Solutions/Prefabs/Ceiling Hung Rack 2.prefab
  artifactKey: Guid(e9670f317731f5b42b21db7ee3a51b61) Importer(2089858483,0ecaa5967403d082aa24f35e1b516d23)
Start importing Assets/Assets & Materials/Imported/TDG Storage Solutions/Prefabs/Ceiling Hung Rack 2.prefab using Guid(e9670f317731f5b42b21db7ee3a51b61) Importer(2089858483,0ecaa5967403d082aa24f35e1b516d23) Generated GUIDs only implemented for interfaces!
 -> (artifact id: 'fdcdaf1aa24c75befb27d8e25c0d2af6') in 0.039862 seconds
Number of updated asset objects reloaded before import = 0
Number of asset objects unloaded after import = 7
========================================================================
Received Import Request.
  Time since last request: 0.000045 seconds.
  path: Assets/Assets & Materials/Imported/20 Texture Sets INDUSTRIAL 01/Metallic/pipe 4 full.jpg
  artifactKey: Guid(a7d53bc0da911584c85af337377aa0e8) Importer(2089858483,0ecaa5967403d082aa24f35e1b516d23)
Start importing Assets/Assets & Materials/Imported/20 Texture Sets INDUSTRIAL 01/Metallic/pipe 4 full.jpg using Guid(a7d53bc0da911584c85af337377aa0e8) Importer(2089858483,0ecaa5967403d082aa24f35e1b516d23) Generated GUIDs only implemented for interfaces!
 -> (artifact id: '215ec6f77455597c790a35632ef9f377') in 0.062071 seconds
Number of updated asset objects reloaded before import = 0
Number of asset objects unloaded after import = 1
========================================================================
Received Import Request.
  Time since last request: 0.000030 seconds.
  path: Assets/Assets & Materials/Imported
  artifactKey: Guid(3f057b918ba3d3f4c8d4fc77cfdf4d8f) Importer(2089858483,0ecaa5967403d082aa24f35e1b516d23)
Start importing Assets/Assets & Materials/Imported using Guid(3f057b918ba3d3f4c8d4fc77cfdf4d8f) Importer(2089858483,0ecaa5967403d082aa24f35e1b516d23) Generated GUIDs only implemented for interfaces!
 -> (artifact id: 'c4c4304d94f4dbc72c5e053366e857f6') in 0.016301 seconds
Number of updated asset objects reloaded before import = 0
Number of asset objects unloaded after import = 1
========================================================================
Received Import Request.
  Time since last request: 0.000033 seconds.
  path: Assets/Assets & Materials/Imported/TDG Storage Solutions/Prefabs/Cubes.prefab
  artifactKey: Guid(d792de34146ff8f40bf61b394fa54224) Importer(2089858483,0ecaa5967403d082aa24f35e1b516d23)
Start importing Assets/Assets & Materials/Imported/TDG Storage Solutions/Prefabs/Cubes.prefab using Guid(d792de34146ff8f40bf61b394fa54224) Importer(2089858483,0ecaa5967403d082aa24f35e1b516d23) Generated GUIDs only implemented for interfaces!
 -> (artifact id: '440b36a8bcc4bb85ff69825e52c4e4b4') in 0.047050 seconds
Number of updated asset objects reloaded before import = 0
Number of asset objects unloaded after import = 13
========================================================================
Received Import Request.
  Time since last request: 0.000036 seconds.
  path: Assets/Assets & Materials/Imported/TDG Storage Solutions/Prefabs/Tall Cabinet Damaged.prefab
  artifactKey: Guid(00e3c3c8595aa9d42831fa9739a86cd5) Importer(2089858483,0ecaa5967403d082aa24f35e1b516d23)
Start importing Assets/Assets & Materials/Imported/TDG Storage Solutions/Prefabs/Tall Cabinet Damaged.prefab using Guid(00e3c3c8595aa9d42831fa9739a86cd5) Importer(2089858483,0ecaa5967403d082aa24f35e1b516d23) Generated GUIDs only implemented for interfaces!
 -> (artifact id: 'c9f8bb7b256ea904316a6afa030b0100') in 0.042168 seconds
Number of updated asset objects reloaded before import = 0
Number of asset objects unloaded after import = 33
========================================================================
Received Import Request.
  Time since last request: 0.000051 seconds.
  path: Assets/Assets & Materials/Imported/20 Texture Sets INDUSTRIAL 01/Plastic&Rubber/pipe 3 norm.jpg
  artifactKey: Guid(2de198635ba1d05499d8c896303f2252) Importer(2089858483,0ecaa5967403d082aa24f35e1b516d23)
Start importing Assets/Assets & Materials/Imported/20 Texture Sets INDUSTRIAL 01/Plastic&Rubber/pipe 3 norm.jpg using Guid(2de198635ba1d05499d8c896303f2252) Importer(2089858483,0ecaa5967403d082aa24f35e1b516d23) Generated GUIDs only implemented for interfaces!
 -> (artifact id: '5c13aa1f127aea886baa704f86d98e15') in 0.046992 seconds
Number of updated asset objects reloaded before import = 0
Number of asset objects unloaded after import = 1
========================================================================
Received Import Request.
  Time since last request: 0.000046 seconds.
  path: Assets/Assets & Materials/Imported/Inverse Kinematics/3D/Materials/Blue.mat
  artifactKey: Guid(ee47bd4f706831b4daa5d4c5a3a5be77) Importer(2089858483,0ecaa5967403d082aa24f35e1b516d23)
Start importing Assets/Assets & Materials/Imported/Inverse Kinematics/3D/Materials/Blue.mat using Guid(ee47bd4f706831b4daa5d4c5a3a5be77) Importer(2089858483,0ecaa5967403d082aa24f35e1b516d23) Generated GUIDs only implemented for interfaces!
 -> (artifact id: '14d08704884cff419f3483b8e4edb339') in 0.030976 seconds
Number of updated asset objects reloaded before import = 0
Number of asset objects unloaded after import = 1
========================================================================
Received Import Request.
  Time since last request: 0.000025 seconds.
  path: Assets/Assets & Materials/Imported/TDG Storage Solutions/Materials/Metal (Dark Grey).mat
  artifactKey: Guid(d584357115176fb4caee3765de5d5e4c) Importer(2089858483,0ecaa5967403d082aa24f35e1b516d23)
Start importing Assets/Assets & Materials/Imported/TDG Storage Solutions/Materials/Metal (Dark Grey).mat using Guid(d584357115176fb4caee3765de5d5e4c) Importer(2089858483,0ecaa5967403d082aa24f35e1b516d23) Generated GUIDs only implemented for interfaces!
 -> (artifact id: 'c2c9b3abca28140b5c1f848948b81e9b') in 0.025154 seconds
Number of updated asset objects reloaded before import = 0
Number of asset objects unloaded after import = 1
========================================================================
Received Import Request.
  Time since last request: 0.000035 seconds.
  path: Assets/Assets & Materials/Imported/TDG Storage Solutions/Prefabs/CubeInsert 2.prefab
  artifactKey: Guid(7b0eed46c3c2a97449181da4ee4ad35a) Importer(2089858483,0ecaa5967403d082aa24f35e1b516d23)
Start importing Assets/Assets & Materials/Imported/TDG Storage Solutions/Prefabs/CubeInsert 2.prefab using Guid(7b0eed46c3c2a97449181da4ee4ad35a) Importer(2089858483,0ecaa5967403d082aa24f35e1b516d23) Generated GUIDs only implemented for interfaces!
 -> (artifact id: '2e70c6a559af8c5c56de9a07afbac589') in 0.035722 seconds
Number of updated asset objects reloaded before import = 0
Number of asset objects unloaded after import = 13
========================================================================
Received Import Request.
  Time since last request: 0.000040 seconds.
  path: Assets/Assets & Materials/Imported/TDG Storage Solutions/Prefabs/Ceiling Hung Rack 3.prefab
  artifactKey: Guid(990439c3a10d8c54fa171f1c379e78a7) Importer(2089858483,0ecaa5967403d082aa24f35e1b516d23)
Start importing Assets/Assets & Materials/Imported/TDG Storage Solutions/Prefabs/Ceiling Hung Rack 3.prefab using Guid(990439c3a10d8c54fa171f1c379e78a7) Importer(2089858483,0ecaa5967403d082aa24f35e1b516d23) Generated GUIDs only implemented for interfaces!
 -> (artifact id: '6068def831c76452bdd2947f52ffe3f8') in 0.035672 seconds
Number of updated asset objects reloaded before import = 0
Number of asset objects unloaded after import = 7
========================================================================
Received Import Request.
  Time since last request: 0.000039 seconds.
  path: Assets/Assets & Materials/Imported/20 Texture Sets INDUSTRIAL 01/Metallic/pipe 4 bump.jpg
  artifactKey: Guid(bb7fd001879b68f4bb8d7ed2f8df2313) Importer(2089858483,0ecaa5967403d082aa24f35e1b516d23)
Start importing Assets/Assets & Materials/Imported/20 Texture Sets INDUSTRIAL 01/Metallic/pipe 4 bump.jpg using Guid(bb7fd001879b68f4bb8d7ed2f8df2313) Importer(2089858483,0ecaa5967403d082aa24f35e1b516d23) Generated GUIDs only implemented for interfaces!
 -> (artifact id: 'dc03bdce85e0c7baa0e2e1a8f795c26c') in 0.049380 seconds
Number of updated asset objects reloaded before import = 0
Number of asset objects unloaded after import = 1
========================================================================
Received Import Request.
  Time since last request: 0.000028 seconds.
  path: Assets/Assets & Materials/Imported/TDG Storage Solutions/Prefabs/Garage.prefab
  artifactKey: Guid(0519ca178e52c234981513a3746bff29) Importer(2089858483,0ecaa5967403d082aa24f35e1b516d23)
Start importing Assets/Assets & Materials/Imported/TDG Storage Solutions/Prefabs/Garage.prefab using Guid(0519ca178e52c234981513a3746bff29) Importer(2089858483,0ecaa5967403d082aa24f35e1b516d23) Generated GUIDs only implemented for interfaces!
 -> (artifact id: '22a820415739810c12319d27b4d77d96') in 0.028969 seconds
Number of updated asset objects reloaded before import = 0
Number of asset objects unloaded after import = 41
========================================================================
Received Import Request.
  Time since last request: 0.000036 seconds.
  path: Assets/Assets & Materials/Marcus Materials/Setpoint Material.mat
  artifactKey: Guid(836e506de71c14945a5f24548adcb281) Importer(2089858483,0ecaa5967403d082aa24f35e1b516d23)
Start importing Assets/Assets & Materials/Marcus Materials/Setpoint Material.mat using Guid(836e506de71c14945a5f24548adcb281) Importer(2089858483,0ecaa5967403d082aa24f35e1b516d23) Generated GUIDs only implemented for interfaces!
 -> (artifact id: 'abdbcf978546435c837de4cd329eabca') in 0.020647 seconds
Number of updated asset objects reloaded before import = 0
Number of asset objects unloaded after import = 1
========================================================================
Received Import Request.
  Time since last request: 0.000043 seconds.
  path: Assets/Assets & Materials/Imported/TDG Storage Solutions/Prefabs/Wall Rack Rail.prefab
  artifactKey: Guid(4c61406dde1b1fa4fbf7c2f2e9c9ebe3) Importer(2089858483,0ecaa5967403d082aa24f35e1b516d23)
Start importing Assets/Assets & Materials/Imported/TDG Storage Solutions/Prefabs/Wall Rack Rail.prefab using Guid(4c61406dde1b1fa4fbf7c2f2e9c9ebe3) Importer(2089858483,0ecaa5967403d082aa24f35e1b516d23) Generated GUIDs only implemented for interfaces!
 -> (artifact id: '3a2b2624b79e35fcac654389fe0d2d4e') in 0.027513 seconds
Number of updated asset objects reloaded before import = 0
Number of asset objects unloaded after import = 7
========================================================================
Received Import Request.
  Time since last request: 0.000031 seconds.
  path: Assets/Assets & Materials/Imported/20 Texture Sets INDUSTRIAL 01/Plastic&Rubber/Materials
  artifactKey: Guid(5fbf5ab37d43a28448a1c403ae15e061) Importer(2089858483,0ecaa5967403d082aa24f35e1b516d23)
Start importing Assets/Assets & Materials/Imported/20 Texture Sets INDUSTRIAL 01/Plastic&Rubber/Materials using Guid(5fbf5ab37d43a28448a1c403ae15e061) Importer(2089858483,0ecaa5967403d082aa24f35e1b516d23) Generated GUIDs only implemented for interfaces!
 -> (artifact id: '6c514a1a87915a67049998ae918f3bab') in 0.014063 seconds
Number of updated asset objects reloaded before import = 0
Number of asset objects unloaded after import = 1
========================================================================
Received Import Request.
  Time since last request: 0.000150 seconds.
  path: Assets/Assets & Materials/Imported/20 Texture Sets INDUSTRIAL 01/Metallic/pipe 8 diff.jpg
  artifactKey: Guid(0d367c32e99c1464884397b81c7de6c8) Importer(2089858483,0ecaa5967403d082aa24f35e1b516d23)
Start importing Assets/Assets & Materials/Imported/20 Texture Sets INDUSTRIAL 01/Metallic/pipe 8 diff.jpg using Guid(0d367c32e99c1464884397b81c7de6c8) Importer(2089858483,0ecaa5967403d082aa24f35e1b516d23) Generated GUIDs only implemented for interfaces!
 -> (artifact id: 'd0ad05e7ba8a8c304e5e4a8e76ebd8c1') in 0.040755 seconds
Number of updated asset objects reloaded before import = 0
Number of asset objects unloaded after import = 1
========================================================================
Received Import Request.
  Time since last request: 0.000030 seconds.
  path: Assets/Assets & Materials/Imported/20 Texture Sets INDUSTRIAL 01/Plastic&Rubber/pipe 8 bump.jpg
  artifactKey: Guid(11ae06b4c2ce3a44b9046504d0d2ed1a) Importer(2089858483,0ecaa5967403d082aa24f35e1b516d23)
Start importing Assets/Assets & Materials/Imported/20 Texture Sets INDUSTRIAL 01/Plastic&Rubber/pipe 8 bump.jpg using Guid(11ae06b4c2ce3a44b9046504d0d2ed1a) Importer(2089858483,0ecaa5967403d082aa24f35e1b516d23) Generated GUIDs only implemented for interfaces!
 -> (artifact id: '472ddb6dd1e096ec73d84f67d9ff15b1') in 0.042847 seconds
Number of updated asset objects reloaded before import = 0
Number of asset objects unloaded after import = 1
========================================================================
Received Import Request.
  Time since last request: 0.000024 seconds.
  path: Assets/Assets & Materials/Imported/20 Texture Sets INDUSTRIAL 01/Plastic&Rubber/pipe 6 diff.jpg
  artifactKey: Guid(502b3c4aee1088c47968b1e61130428f) Importer(2089858483,0ecaa5967403d082aa24f35e1b516d23)
Start importing Assets/Assets & Materials/Imported/20 Texture Sets INDUSTRIAL 01/Plastic&Rubber/pipe 6 diff.jpg using Guid(502b3c4aee1088c47968b1e61130428f) Importer(2089858483,0ecaa5967403d082aa24f35e1b516d23) Generated GUIDs only implemented for interfaces!
 -> (artifact id: 'c5d755bf465ca9d1705f768637cc3c9d') in 0.044575 seconds
Number of updated asset objects reloaded before import = 0
Number of asset objects unloaded after import = 1
========================================================================
Received Import Request.
  Time since last request: 0.000041 seconds.
  path: Assets/Assets & Materials/Imported/20 Texture Sets INDUSTRIAL 01/Plastic&Rubber/pipe 8 norm.jpg
  artifactKey: Guid(bb141d7d93eced14583e456c66463aa8) Importer(2089858483,0ecaa5967403d082aa24f35e1b516d23)
Start importing Assets/Assets & Materials/Imported/20 Texture Sets INDUSTRIAL 01/Plastic&Rubber/pipe 8 norm.jpg using Guid(bb141d7d93eced14583e456c66463aa8) Importer(2089858483,0ecaa5967403d082aa24f35e1b516d23) Generated GUIDs only implemented for interfaces!
 -> (artifact id: '0cd2daf22cda09ab74c8d9370bbf243c') in 0.048284 seconds
Number of updated asset objects reloaded before import = 0
Number of asset objects unloaded after import = 1
========================================================================
Received Import Request.
  Time since last request: 0.000031 seconds.
  path: Assets/Assets & Materials/Imported/TDG Storage Solutions/Prefabs/Shelf System Assembled.prefab
  artifactKey: Guid(a8c8809ca91ff9e40888a9fb4b2d2c83) Importer(2089858483,0ecaa5967403d082aa24f35e1b516d23)
Start importing Assets/Assets & Materials/Imported/TDG Storage Solutions/Prefabs/Shelf System Assembled.prefab using Guid(a8c8809ca91ff9e40888a9fb4b2d2c83) Importer(2089858483,0ecaa5967403d082aa24f35e1b516d23) Generated GUIDs only implemented for interfaces!
 -> (artifact id: 'c1a2c7a2c38f6c0a573576fe6c792b98') in 0.031446 seconds
Number of updated asset objects reloaded before import = 0
Number of asset objects unloaded after import = 234
========================================================================
Received Import Request.
  Time since last request: 0.000058 seconds.
  path: Assets/Assets & Materials/Imported/20 Texture Sets INDUSTRIAL 01
  artifactKey: Guid(4630cdcdfcab0ce47bfaf4e1a4991fad) Importer(2089858483,0ecaa5967403d082aa24f35e1b516d23)
Start importing Assets/Assets & Materials/Imported/20 Texture Sets INDUSTRIAL 01 using Guid(4630cdcdfcab0ce47bfaf4e1a4991fad) Importer(2089858483,0ecaa5967403d082aa24f35e1b516d23) Generated GUIDs only implemented for interfaces!
 -> (artifact id: '5cff5c07a14e53125b1ee68e9fb2c010') in 0.022016 seconds
Number of updated asset objects reloaded before import = 0
Number of asset objects unloaded after import = 1
========================================================================
Received Import Request.
  Time since last request: 0.000033 seconds.
  path: Assets/Assets & Materials/Imported/20 Texture Sets INDUSTRIAL 01/Plastic&Rubber/pipe 4 bump.jpg
  artifactKey: Guid(b8ce348fc33d56840aa90a9c865c1ea8) Importer(2089858483,0ecaa5967403d082aa24f35e1b516d23)
Start importing Assets/Assets & Materials/Imported/20 Texture Sets INDUSTRIAL 01/Plastic&Rubber/pipe 4 bump.jpg using Guid(b8ce348fc33d56840aa90a9c865c1ea8) Importer(2089858483,0ecaa5967403d082aa24f35e1b516d23) Generated GUIDs only implemented for interfaces!
 -> (artifact id: '5e0cfec7d604c7feb07a47a86b328272') in 0.056863 seconds
Number of updated asset objects reloaded before import = 0
Number of asset objects unloaded after import = 1
========================================================================
Received Import Request.
  Time since last request: 0.000025 seconds.
  path: Assets/Assets & Materials/Imported/TDG Storage Solutions/Models/HookRail.fbx
  artifactKey: Guid(7bcb3ba9c70fae44da99df3c22f692b8) Importer(2089858483,0ecaa5967403d082aa24f35e1b516d23)
Start importing Assets/Assets & Materials/Imported/TDG Storage Solutions/Models/HookRail.fbx using Guid(7bcb3ba9c70fae44da99df3c22f692b8) Importer(2089858483,0ecaa5967403d082aa24f35e1b516d23) Generated GUIDs only implemented for interfaces!
 -> (artifact id: 'ef5c0d634b3903f344472aa61b1ba5e7') in 0.043504 seconds
Number of updated asset objects reloaded before import = 0
Number of asset objects unloaded after import = 8
========================================================================
Received Import Request.
  Time since last request: 0.000033 seconds.
  path: Assets/Assets & Materials/Imported/20 Texture Sets INDUSTRIAL 01/Metallic/Example Materials/Pipe 4 metal.mat
  artifactKey: Guid(570b764f20d46764da8f9e3805fa81f0) Importer(2089858483,0ecaa5967403d082aa24f35e1b516d23)
Start importing Assets/Assets & Materials/Imported/20 Texture Sets INDUSTRIAL 01/Metallic/Example Materials/Pipe 4 metal.mat using Guid(570b764f20d46764da8f9e3805fa81f0) Importer(2089858483,0ecaa5967403d082aa24f35e1b516d23) Generated GUIDs only implemented for interfaces!
 -> (artifact id: '283c589f5f06d43bc9a1e332943f3d09') in 0.025718 seconds
Number of updated asset objects reloaded before import = 0
Number of asset objects unloaded after import = 4
========================================================================
Received Prepare
Begin MonoManager ReloadAssembly
- Loaded All Assemblies, in  0.630 seconds
Refreshing native plugins compatible for Editor in 334.89 ms, found 5 plugins.
Native extension for WindowsStandalone target not found
[Package Manager] Server::EnsureServerProcessIsRunning -- launch failed, reason: Unity was launched with the -noUpm command-line argument
[Package Manager] UpmClient::Send -- Unable to send message (not connected to UPM process).
[Package Manager] Cannot connect to Unity Package Manager local server
Mono: successfully reloaded assembly
- Finished resetting the current domain, in  1.286 seconds
Domain Reload Profiling: 1911ms
	BeginReloadAssembly (182ms)
		ExecutionOrderSort (0ms)
		DisableScriptedObjects (6ms)
		BackupInstance (0ms)
		ReleaseScriptingObjects (0ms)
		CreateAndSetChildDomain (47ms)
	RebuildCommonClasses (36ms)
	RebuildNativeTypeToScriptingClass (15ms)
	initialDomainReloadingComplete (44ms)
	LoadAllAssembliesAndSetupDomain (348ms)
		LoadAssemblies (430ms)
		RebuildTransferFunctionScriptingTraits (0ms)
		AnalyzeDomain (13ms)
			TypeCache.Refresh (6ms)
				TypeCache.ScanAssembly (0ms)
			ScanForSourceGeneratedMonoScriptInfo (0ms)
			ResolveRequiredComponents (5ms)
	FinalizeReload (1286ms)
		ReleaseScriptCaches (0ms)
		RebuildScriptCaches (0ms)
		SetupLoadedEditorAssemblies (643ms)
			LogAssemblyErrors (0ms)
			InitializePlatformSupportModulesInManaged (9ms)
			SetLoadedEditorAssemblies (5ms)
			RefreshPlugins (0ms)
			BeforeProcessingInitializeOnLoad (72ms)
			ProcessInitializeOnLoadAttributes (519ms)
			ProcessInitializeOnLoadMethodAttributes (28ms)
			AfterProcessingInitializeOnLoad (10ms)
			EditorAssembliesLoaded (0ms)
		ExecutionOrderSort2 (0ms)
		AwakeInstancesAfterBackupRestoration (9ms)
Refreshing native plugins compatible for Editor in 360.49 ms, found 5 plugins.
Preloading 0 native plugins for Editor in 0.00 ms.
Unloading 4069 Unused Serialized files (Serialized files now loaded: 0)
Unloading 893 unused Assets / (0.7 MB). Loaded Objects now: 3679.
Memory consumption went from 153.8 MB to 153.0 MB.
Total: 4.645700 ms (FindLiveObjects: 0.384200 ms CreateObjectMapping: 0.127500 ms MarkObjects: 3.182400 ms  DeleteObjects: 0.949600 ms)

Prepare: number of updated asset objects reloaded= 0
AssetImportParameters requested are different than current active one (requested -> active):
  custom:container-demuxer-ogg: 62fdf1f143b41e24485cea50d1cbac27 -> 
  custom:video-codec-MediaFoundation-h265: 746d11721c4dcdbdad8f713fa42b33f4 -> 
  custom:video-decoder-ogg-theora: a1e56fd34408186e4bbccfd4996cb3dc -> 
  custom:framework-win-MediaFoundation: 216162199b28c13a410421893ffa2e32 -> 
  custom:CustomObjectIndexerAttribute: 43b350a4d6e6d1791af0b5038c4bea17 -> 
  custom:container-demuxer-webm: 4f35f7cbe854078d1ac9338744f61a02 -> 
  custom:container-muxer-webm: aa71ff27fc2769a1b78a27578f13a17b -> 
  custom:video-decoder-webm-vp8: 9c59270c3fd7afecdb556c50c9e8de78 -> 
  custom:SearchIndexIgnoredProperties: e643bd26f0fe6173181afceb89e7c659 -> 
  custom:AudioImporter_EditorPlatform: d09bf68614088b80899f8185d706f6e7 -> 
  custom:video-encoder-webm-vp8: eb34c28f22e8b96e1ab97ce403110664 -> 
  custom:audio-decoder-ogg-vorbis: bf7c407c2cedff20999df2af8eb42d56 -> 
  custom:audio-encoder-webm-vorbis: bf7c407c2cedff20999df2af8eb42d56 -> 
========================================================================
Received Prepare
Begin MonoManager ReloadAssembly
- Loaded All Assemblies, in  0.558 seconds
Refreshing native plugins compatible for Editor in 323.88 ms, found 5 plugins.
Native extension for WindowsStandalone target not found
[Package Manager] Server::EnsureServerProcessIsRunning -- launch failed, reason: Unity was launched with the -noUpm command-line argument
[Package Manager] UpmClient::Send -- Unable to send message (not connected to UPM process).
[Package Manager] Cannot connect to Unity Package Manager local server
Mono: successfully reloaded assembly
- Finished resetting the current domain, in  1.290 seconds
Domain Reload Profiling: 1844ms
	BeginReloadAssembly (175ms)
		ExecutionOrderSort (0ms)
		DisableScriptedObjects (6ms)
		BackupInstance (0ms)
		ReleaseScriptingObjects (0ms)
		CreateAndSetChildDomain (36ms)
	RebuildCommonClasses (39ms)
	RebuildNativeTypeToScriptingClass (20ms)
	initialDomainReloadingComplete (49ms)
	LoadAllAssembliesAndSetupDomain (270ms)
		LoadAssemblies (355ms)
		RebuildTransferFunctionScriptingTraits (0ms)
		AnalyzeDomain (12ms)
			TypeCache.Refresh (6ms)
				TypeCache.ScanAssembly (0ms)
			ScanForSourceGeneratedMonoScriptInfo (0ms)
			ResolveRequiredComponents (5ms)
	FinalizeReload (1290ms)
		ReleaseScriptCaches (0ms)
		RebuildScriptCaches (0ms)
		SetupLoadedEditorAssemblies (649ms)
			LogAssemblyErrors (0ms)
			InitializePlatformSupportModulesInManaged (7ms)
			SetLoadedEditorAssemblies (4ms)
			RefreshPlugins (0ms)
			BeforeProcessingInitializeOnLoad (69ms)
			ProcessInitializeOnLoadAttributes (531ms)
			ProcessInitializeOnLoadMethodAttributes (30ms)
			AfterProcessingInitializeOnLoad (8ms)
			EditorAssembliesLoaded (0ms)
		ExecutionOrderSort2 (0ms)
		AwakeInstancesAfterBackupRestoration (7ms)
Refreshing native plugins compatible for Editor in 348.55 ms, found 5 plugins.
Preloading 0 native plugins for Editor in 0.00 ms.
Unloading 4070 Unused Serialized files (Serialized files now loaded: 0)
Unloading 893 unused Assets / (0.7 MB). Loaded Objects now: 3682.
Memory consumption went from 156.0 MB to 155.3 MB.
Total: 4.552700 ms (FindLiveObjects: 0.400300 ms CreateObjectMapping: 0.146700 ms MarkObjects: 3.059100 ms  DeleteObjects: 0.945400 ms)

Prepare: number of updated asset objects reloaded= 0
AssetImportParameters requested are different than current active one (requested -> active):
  custom:container-demuxer-ogg: 62fdf1f143b41e24485cea50d1cbac27 -> 
  custom:video-codec-MediaFoundation-h265: 746d11721c4dcdbdad8f713fa42b33f4 -> 
  custom:video-decoder-ogg-theora: a1e56fd34408186e4bbccfd4996cb3dc -> 
  custom:framework-win-MediaFoundation: 216162199b28c13a410421893ffa2e32 -> 
  custom:CustomObjectIndexerAttribute: 43b350a4d6e6d1791af0b5038c4bea17 -> 
  custom:container-demuxer-webm: 4f35f7cbe854078d1ac9338744f61a02 -> 
  custom:container-muxer-webm: aa71ff27fc2769a1b78a27578f13a17b -> 
  custom:video-decoder-webm-vp8: 9c59270c3fd7afecdb556c50c9e8de78 -> 
  custom:SearchIndexIgnoredProperties: e643bd26f0fe6173181afceb89e7c659 -> 
  custom:AudioImporter_EditorPlatform: d09bf68614088b80899f8185d706f6e7 -> 
  custom:video-encoder-webm-vp8: eb34c28f22e8b96e1ab97ce403110664 -> 
  custom:audio-decoder-ogg-vorbis: bf7c407c2cedff20999df2af8eb42d56 -> 
  custom:audio-encoder-webm-vorbis: bf7c407c2cedff20999df2af8eb42d56 -> 
========================================================================
Received Prepare
Begin MonoManager ReloadAssembly
- Loaded All Assemblies, in  0.563 seconds
Refreshing native plugins compatible for Editor in 420.61 ms, found 5 plugins.
Native extension for WindowsStandalone target not found
[Package Manager] Server::EnsureServerProcessIsRunning -- launch failed, reason: Unity was launched with the -noUpm command-line argument
[Package Manager] UpmClient::Send -- Unable to send message (not connected to UPM process).
[Package Manager] Cannot connect to Unity Package Manager local server
Mono: successfully reloaded assembly
- Finished resetting the current domain, in  1.313 seconds
Domain Reload Profiling: 1871ms
	BeginReloadAssembly (170ms)
		ExecutionOrderSort (0ms)
		DisableScriptedObjects (7ms)
		BackupInstance (0ms)
		ReleaseScriptingObjects (0ms)
		CreateAndSetChildDomain (41ms)
	RebuildCommonClasses (35ms)
	RebuildNativeTypeToScriptingClass (12ms)
	initialDomainReloadingComplete (46ms)
	LoadAllAssembliesAndSetupDomain (296ms)
		LoadAssemblies (368ms)
		RebuildTransferFunctionScriptingTraits (0ms)
		AnalyzeDomain (13ms)
			TypeCache.Refresh (6ms)
				TypeCache.ScanAssembly (0ms)
			ScanForSourceGeneratedMonoScriptInfo (0ms)
			ResolveRequiredComponents (6ms)
	FinalizeReload (1314ms)
		ReleaseScriptCaches (0ms)
		RebuildScriptCaches (0ms)
		SetupLoadedEditorAssemblies (643ms)
			LogAssemblyErrors (0ms)
			InitializePlatformSupportModulesInManaged (9ms)
			SetLoadedEditorAssemblies (3ms)
			RefreshPlugins (0ms)
			BeforeProcessingInitializeOnLoad (74ms)
			ProcessInitializeOnLoadAttributes (518ms)
			ProcessInitializeOnLoadMethodAttributes (29ms)
			AfterProcessingInitializeOnLoad (10ms)
			EditorAssembliesLoaded (0ms)
		ExecutionOrderSort2 (0ms)
		AwakeInstancesAfterBackupRestoration (8ms)
Refreshing native plugins compatible for Editor in 417.64 ms, found 5 plugins.
Preloading 0 native plugins for Editor in 0.00 ms.
Unloading 4070 Unused Serialized files (Serialized files now loaded: 0)
Unloading 893 unused Assets / (0.7 MB). Loaded Objects now: 3685.
Memory consumption went from 157.9 MB to 157.2 MB.
Total: 4.486200 ms (FindLiveObjects: 0.376500 ms CreateObjectMapping: 0.138400 ms MarkObjects: 3.069400 ms  DeleteObjects: 0.900300 ms)

Prepare: number of updated asset objects reloaded= 0
AssetImportParameters requested are different than current active one (requested -> active):
  custom:container-demuxer-ogg: 62fdf1f143b41e24485cea50d1cbac27 -> 
  custom:video-codec-MediaFoundation-h265: 746d11721c4dcdbdad8f713fa42b33f4 -> 
  custom:video-decoder-ogg-theora: a1e56fd34408186e4bbccfd4996cb3dc -> 
  custom:framework-win-MediaFoundation: 216162199b28c13a410421893ffa2e32 -> 
  custom:CustomObjectIndexerAttribute: 43b350a4d6e6d1791af0b5038c4bea17 -> 
  custom:container-demuxer-webm: 4f35f7cbe854078d1ac9338744f61a02 -> 
  custom:container-muxer-webm: aa71ff27fc2769a1b78a27578f13a17b -> 
  custom:video-decoder-webm-vp8: 9c59270c3fd7afecdb556c50c9e8de78 -> 
  custom:SearchIndexIgnoredProperties: e643bd26f0fe6173181afceb89e7c659 -> 
  custom:AudioImporter_EditorPlatform: d09bf68614088b80899f8185d706f6e7 -> 
  custom:video-encoder-webm-vp8: eb34c28f22e8b96e1ab97ce403110664 -> 
  custom:audio-decoder-ogg-vorbis: bf7c407c2cedff20999df2af8eb42d56 -> 
  custom:audio-encoder-webm-vorbis: bf7c407c2cedff20999df2af8eb42d56 -> 
========================================================================
Received Prepare
Begin MonoManager ReloadAssembly
- Loaded All Assemblies, in  0.573 seconds
Refreshing native plugins compatible for Editor in 356.61 ms, found 5 plugins.
Native extension for WindowsStandalone target not found
[Package Manager] Server::EnsureServerProcessIsRunning -- launch failed, reason: Unity was launched with the -noUpm command-line argument
[Package Manager] UpmClient::Send -- Unable to send message (not connected to UPM process).
[Package Manager] Cannot connect to Unity Package Manager local server
Mono: successfully reloaded assembly
- Finished resetting the current domain, in  1.305 seconds
Domain Reload Profiling: 1874ms
	BeginReloadAssembly (168ms)
		ExecutionOrderSort (0ms)
		DisableScriptedObjects (6ms)
		BackupInstance (0ms)
		ReleaseScriptingObjects (0ms)
		CreateAndSetChildDomain (40ms)
	RebuildCommonClasses (41ms)
	RebuildNativeTypeToScriptingClass (12ms)
	initialDomainReloadingComplete (46ms)
	LoadAllAssembliesAndSetupDomain (301ms)
		LoadAssemblies (375ms)
		RebuildTransferFunctionScriptingTraits (0ms)
		AnalyzeDomain (14ms)
			TypeCache.Refresh (7ms)
				TypeCache.ScanAssembly (0ms)
			ScanForSourceGeneratedMonoScriptInfo (0ms)
			ResolveRequiredComponents (6ms)
	FinalizeReload (1306ms)
		ReleaseScriptCaches (0ms)
		RebuildScriptCaches (0ms)
		SetupLoadedEditorAssemblies (670ms)
			LogAssemblyErrors (0ms)
			InitializePlatformSupportModulesInManaged (9ms)
			SetLoadedEditorAssemblies (3ms)
			RefreshPlugins (0ms)
			BeforeProcessingInitializeOnLoad (71ms)
			ProcessInitializeOnLoadAttributes (546ms)
			ProcessInitializeOnLoadMethodAttributes (30ms)
			AfterProcessingInitializeOnLoad (11ms)
			EditorAssembliesLoaded (0ms)
		ExecutionOrderSort2 (0ms)
		AwakeInstancesAfterBackupRestoration (7ms)
Refreshing native plugins compatible for Editor in 358.52 ms, found 5 plugins.
Preloading 0 native plugins for Editor in 0.00 ms.
Unloading 4070 Unused Serialized files (Serialized files now loaded: 0)
Unloading 893 unused Assets / (0.7 MB). Loaded Objects now: 3688.
Memory consumption went from 159.8 MB to 159.1 MB.
Total: 4.519800 ms (FindLiveObjects: 0.402900 ms CreateObjectMapping: 0.200100 ms MarkObjects: 3.024900 ms  DeleteObjects: 0.890400 ms)

Prepare: number of updated asset objects reloaded= 0
AssetImportParameters requested are different than current active one (requested -> active):
  custom:container-demuxer-ogg: 62fdf1f143b41e24485cea50d1cbac27 -> 
  custom:video-codec-MediaFoundation-h265: 746d11721c4dcdbdad8f713fa42b33f4 -> 
  custom:video-decoder-ogg-theora: a1e56fd34408186e4bbccfd4996cb3dc -> 
  custom:framework-win-MediaFoundation: 216162199b28c13a410421893ffa2e32 -> 
  custom:CustomObjectIndexerAttribute: 43b350a4d6e6d1791af0b5038c4bea17 -> 
  custom:container-demuxer-webm: 4f35f7cbe854078d1ac9338744f61a02 -> 
  custom:container-muxer-webm: aa71ff27fc2769a1b78a27578f13a17b -> 
  custom:video-decoder-webm-vp8: 9c59270c3fd7afecdb556c50c9e8de78 -> 
  custom:SearchIndexIgnoredProperties: e643bd26f0fe6173181afceb89e7c659 -> 
  custom:AudioImporter_EditorPlatform: d09bf68614088b80899f8185d706f6e7 -> 
  custom:video-encoder-webm-vp8: eb34c28f22e8b96e1ab97ce403110664 -> 
  custom:audio-decoder-ogg-vorbis: bf7c407c2cedff20999df2af8eb42d56 -> 
  custom:audio-encoder-webm-vorbis: bf7c407c2cedff20999df2af8eb42d56 -> 
========================================================================
Received Prepare
Begin MonoManager ReloadAssembly
- Loaded All Assemblies, in  0.557 seconds
Refreshing native plugins compatible for Editor in 326.83 ms, found 5 plugins.
Native extension for WindowsStandalone target not found
[Package Manager] Server::EnsureServerProcessIsRunning -- launch failed, reason: Unity was launched with the -noUpm command-line argument
[Package Manager] UpmClient::Send -- Unable to send message (not connected to UPM process).
[Package Manager] Cannot connect to Unity Package Manager local server
Mono: successfully reloaded assembly
- Finished resetting the current domain, in  1.281 seconds
Domain Reload Profiling: 1833ms
	BeginReloadAssembly (173ms)
		ExecutionOrderSort (0ms)
		DisableScriptedObjects (6ms)
		BackupInstance (0ms)
		ReleaseScriptingObjects (0ms)
		CreateAndSetChildDomain (40ms)
	RebuildCommonClasses (36ms)
	RebuildNativeTypeToScriptingClass (12ms)
	initialDomainReloadingComplete (41ms)
	LoadAllAssembliesAndSetupDomain (290ms)
		LoadAssemblies (366ms)
		RebuildTransferFunctionScriptingTraits (0ms)
		AnalyzeDomain (14ms)
			TypeCache.Refresh (7ms)
				TypeCache.ScanAssembly (0ms)
			ScanForSourceGeneratedMonoScriptInfo (0ms)
			ResolveRequiredComponents (5ms)
	FinalizeReload (1282ms)
		ReleaseScriptCaches (0ms)
		RebuildScriptCaches (0ms)
		SetupLoadedEditorAssemblies (634ms)
			LogAssemblyErrors (0ms)
			InitializePlatformSupportModulesInManaged (6ms)
			SetLoadedEditorAssemblies (3ms)
			RefreshPlugins (0ms)
			BeforeProcessingInitializeOnLoad (63ms)
			ProcessInitializeOnLoadAttributes (526ms)
			ProcessInitializeOnLoadMethodAttributes (28ms)
			AfterProcessingInitializeOnLoad (8ms)
			EditorAssembliesLoaded (0ms)
		ExecutionOrderSort2 (0ms)
		AwakeInstancesAfterBackupRestoration (7ms)
Refreshing native plugins compatible for Editor in 337.95 ms, found 5 plugins.
Preloading 0 native plugins for Editor in 0.00 ms.
Unloading 4070 Unused Serialized files (Serialized files now loaded: 0)
Unloading 893 unused Assets / (0.7 MB). Loaded Objects now: 3691.
Memory consumption went from 161.8 MB to 161.0 MB.
Total: 5.222000 ms (FindLiveObjects: 0.389900 ms CreateObjectMapping: 0.131400 ms MarkObjects: 3.914100 ms  DeleteObjects: 0.785100 ms)

Prepare: number of updated asset objects reloaded= 0
AssetImportParameters requested are different than current active one (requested -> active):
  custom:container-demuxer-ogg: 62fdf1f143b41e24485cea50d1cbac27 -> 
  custom:video-codec-MediaFoundation-h265: 746d11721c4dcdbdad8f713fa42b33f4 -> 
  custom:video-decoder-ogg-theora: a1e56fd34408186e4bbccfd4996cb3dc -> 
  custom:framework-win-MediaFoundation: 216162199b28c13a410421893ffa2e32 -> 
  custom:CustomObjectIndexerAttribute: 43b350a4d6e6d1791af0b5038c4bea17 -> 
  custom:container-demuxer-webm: 4f35f7cbe854078d1ac9338744f61a02 -> 
  custom:container-muxer-webm: aa71ff27fc2769a1b78a27578f13a17b -> 
  custom:video-decoder-webm-vp8: 9c59270c3fd7afecdb556c50c9e8de78 -> 
  custom:SearchIndexIgnoredProperties: e643bd26f0fe6173181afceb89e7c659 -> 
  custom:AudioImporter_EditorPlatform: d09bf68614088b80899f8185d706f6e7 -> 
  custom:video-encoder-webm-vp8: eb34c28f22e8b96e1ab97ce403110664 -> 
  custom:audio-decoder-ogg-vorbis: bf7c407c2cedff20999df2af8eb42d56 -> 
  custom:audio-encoder-webm-vorbis: bf7c407c2cedff20999df2af8eb42d56 -> 
